#
# A fatal error has been detected by the Java Runtime Environment:
#
#  EXCEPTION_ACCESS_VIOLATION (0xc0000005) at pc=0x00007ff99ced39c4, pid=9896, tid=20976
#
# JRE version: OpenJDK Runtime Environment Temurin-17.0.16+8 (17.0.16+8) (build 17.0.16+8)
# Java VM: OpenJDK 64-Bit Server VM Temurin-17.0.16+8 (17.0.16+8, mixed mode, sharing, tiered, compressed oops, compressed class ptrs, g1 gc, windows-amd64)
# Problematic frame:
# V  [jvm.dll+0x1f39c4]
#
# No core dump will be written. Minidumps are not enabled by default on client versions of Windows
#
# If you would like to submit a bug report, please visit:
#   https://github.com/adoptium/adoptium-support/issues
#

---------------  S U M M A R Y ------------

Command Line: --add-opens=java.base/java.util=ALL-UNNAMED --add-opens=java.base/java.lang=ALL-UNNAMED --add-opens=java.base/java.lang.invoke=ALL-UNNAMED --add-opens=java.prefs/java.util.prefs=ALL-UNNAMED --add-opens=java.base/java.nio.charset=ALL-UNNAMED --add-opens=java.base/java.net=ALL-UNNAMED --add-opens=java.base/java.util.concurrent.atomic=ALL-UNNAMED -XX:MaxMetaspaceSize=256m -XX:+HeapDumpOnOutOfMemoryError -Xms256m -Xmx512m -Dfile.encoding=windows-1252 -Duser.country=SG -Duser.language=en -Duser.variant org.gradle.launcher.daemon.bootstrap.GradleDaemon 7.6.2

Host: Intel(R) Core(TM) i7-1065G7 CPU @ 1.30GHz, 8 cores, 7G,  Windows 11 , 64 bit Build 26100 (10.0.26100.4768)
Time: Wed Aug 27 09:24:48 2025 Malay Peninsula Standard Time elapsed time: 11.969236 seconds (0d 0h 0m 11s)

---------------  T H R E A D  ---------------

Current thread (0x0000028636505340):  JavaThread "C1 CompilerThread0" daemon [_thread_in_vm, id=20976, stack(0x000000f5c0a00000,0x000000f5c0b00000)]


Current CompileTask:
C1:  11969 2458   !   3       jdk.internal.reflect.NativeMethodAccessorImpl::invoke (137 bytes)

Stack: [0x000000f5c0a00000,0x000000f5c0b00000],  sp=0x000000f5c0afe3f0,  free space=1016k
Native frames: (J=compiled Java code, j=interpreted, Vv=VM code, C=native code)
V  [jvm.dll+0x1f39c4]
V  [jvm.dll+0x54546c]
V  [jvm.dll+0x374553]
V  [jvm.dll+0x25b8df]
V  [jvm.dll+0x25b171]
V  [jvm.dll+0x1cb85c]
V  [jvm.dll+0x13e8c0]
V  [jvm.dll+0x140d8a]
V  [jvm.dll+0x13f28c]
V  [jvm.dll+0x14792a]
V  [jvm.dll+0x146e45]
V  [jvm.dll+0x13eaf1]
V  [jvm.dll+0x140d8a]
V  [jvm.dll+0x13f385]
V  [jvm.dll+0x139493]
V  [jvm.dll+0x148ab6]
V  [jvm.dll+0x134be0]
V  [jvm.dll+0x134f40]
V  [jvm.dll+0x135218]
V  [jvm.dll+0x1346a1]
V  [jvm.dll+0x13638d]
V  [jvm.dll+0x227b3c]
V  [jvm.dll+0x225ccb]
V  [jvm.dll+0x7ef2d8]
V  [jvm.dll+0x7e979c]
V  [jvm.dll+0x682047]
C  [ucrtbase.dll+0x37b0]
C  [KERNEL32.DLL+0x2e8d7]
C  [ntdll.dll+0x3c34c]


siginfo: EXCEPTION_ACCESS_VIOLATION (0xc0000005), reading address 0xffffffffffffffff


Registers:
RAX=0x00000286365097a0, RBX=0x0000028638283f18, RCX=0xd9d9d9d8d9dadada, RDX=0x0000000000000000
RSP=0x000000f5c0afe3f0, RBP=0x0000000000000020, RSI=0x0000000000000050, RDI=0x0000028638284518
R8 =0x00000286370014c0, R9 =0x0000028637000d58, R10=0x000000f5bf7ee000, R11=0x000000f5c0afe580
R12=0x0000000000000000, R13=0x00000286365097c0, R14=0x0000028637000dfc, R15=0x00000286365215b0
RIP=0x00007ff99ced39c4, EFLAGS=0x0000000000010206

XMM[0]=0x0000000000000000 0x0000000000000000
XMM[1]=0x0000000000000000 0x0000000000000000
XMM[2]=0xb10002db4910dc00 0x01db1e10dc0000b7
XMM[3]=0x0000000000000000 0x0000000000000000
XMM[4]=0x0000000000000000 0x0000000000000000
XMM[5]=0x0000000000000000 0x0000000000000000
XMM[6]=0x0000000000000000 0x0000000000000000
XMM[7]=0x0000000000000000 0x0000000000000000
XMM[8]=0x0000000000000000 0x0000000000000000
XMM[9]=0x0000000000000000 0x0000000000000000
XMM[10]=0x0000000000000000 0x0000000000000000
XMM[11]=0x0000000000000000 0x0000000000000000
XMM[12]=0x0000000000000000 0x0000000000000000
XMM[13]=0x0000000000000000 0x0000000000000000
XMM[14]=0x0000000000000000 0x0000000000000000
XMM[15]=0x0000000000000000 0x0000000000000000
  MXCSR=0x00001fa0


Register to memory mapping:

RIP=0x00007ff99ced39c4 jvm.dll
RAX=0x00000286365097a0 points into unknown readable memory: 0x00000286364f0040 | 40 00 4f 36 86 02 00 00
RBX=0x0000028638283f18 is pointing into metadata
RCX=0xd9d9d9d8d9dadada is an unknown value
RDX=0x0 is NULL
RSP=0x000000f5c0afe3f0 is pointing into the stack for thread: 0x0000028636505340
RBP=0x0000000000000020 is an unknown value
RSI=0x0000000000000050 is an unknown value
RDI=0x0000028638284518 is a pointer to class: 
kotlin.LazyKt__LazyJVMKt$WhenMappings {0x0000028638284520}
 - instance size:     2
 - klass size:        64
 - access:            public final synchronized synthetic 
 - state:             fully_initialized
 - name:              'kotlin/LazyKt__LazyJVMKt$WhenMappings'
 - super:             'java/lang/Object'
 - sub:               
 - arrays:            NULL
 - methods:           Array<T>(0x0000028645eb4a80)
 - method ordering:   Array<T>(0x000002863790a920)
 - local interfaces:  Array<T>(0x00000286375ccb20)
 - trans. interfaces: Array<T>(0x00000286375ccb20)
 - constants:         constant pool [47] {0x0000028645eb4888} for 'kotlin/LazyKt__LazyJVMKt$WhenMappings' cache=0x0000028645eb4ba0
 - class loader data:  loader data: 0x0000028636507fd0 for instance a 'org/gradle/internal/classloader/VisitableURLClassLoader'{0x00000000e0700250}
 - source file:       'LazyJVM.kt'
 - class annotations:       Array<T>(0x0000028645eb4b40)
 - class type annotations:  Array<T>(0x0000000000000000)
 - field annotations:       Array<T>(0x0000000000000000)
 - field type annotations:  Array<T>(0x0000000000000000)
 - inner classes:     Array<T>(0x0000028645eb4b68)
 - nest members:     Array<T>(0x00000286375ccab0)
 - permitted subclasses:     Array<T>(0x00000286375ccab0)
 - java mirror:       a 'java/lang/Class'{0x00000000eb5105b0} = 'kotlin/LazyKt__LazyJVMKt$WhenMappings'
 - vtable length      5  (start addr: 0x00000286382846e0)
 - itable length      2 (start addr: 0x0000028638284708)
 - ---- static fields (1 words):
 - public static final synthetic '$EnumSwitchMapping$0' '[I' @112 
 - ---- non-static fields (0 words):
 - non-static oop maps: 
R8 ={method} {0x00000286370014c8} 'clone' '()Ljava/lang/Object;' in 'java/lang/Object'
R9 =0x0000028637000d58 is a pointer to class: 
java.lang.Object {0x0000028637000d60}
 - instance size:     2
 - klass size:        64
 - access:            public synchronized 
 - state:             fully_initialized
 - name:              'java/lang/Object'
 - super:             NULL
 - sub:               'org/gradle/cache/internal/BuildScopeCacheDir'   'org/gradle/launcher/exec/RootBuildLifecycleBuildActionExecutor$$Lambda$182+0x00000286382b5168'   'org/gradle/initialization/buildsrc/BuildSrcDetector'   'org/gradle/internal/vfs/impl/AbstractVirtualFileSystem$$Lambda$181+0x00000286382b4d48'   
[error occurred during error reporting (printing register info), id 0xc0000005, EXCEPTION_ACCESS_VIOLATION (0xc0000005) at pc=0x00007ff99ced39c4]

Top of Stack: (sp=0x000000f5c0afe3f0)
0x000000f5c0afe3f0:   00000286370014c0 0000028636505340
0x000000f5c0afe400:   00000286375cc788 0000028636505340
0x000000f5c0afe410:   0000028636522eb0 00007ff99d22546c
0x000000f5c0afe420:   00000286370014c0 00000286370014c0
0x000000f5c0afe430:   0000028636505340 00000286370014c0
0x000000f5c0afe440:   00000286365215b0 0000028637000dfc
0x000000f5c0afe450:   00000286365215b0 000002864a2af9a0
0x000000f5c0afe460:   0000028638284518 00007ff99d054553
0x000000f5c0afe470:   000000f5c0afe4c0 0000028637000d58
0x000000f5c0afe480:   0000000000000000 000000f5c0afe540
0x000000f5c0afe490:   000000f5c0afe510 00007ff99cf3b8df
0x000000f5c0afe4a0:   0000028636505340 0000028636522eb0
0x000000f5c0afe4b0:   00000286370014c0 0000028636505340
0x000000f5c0afe4c0:   0000028637000d58 0000028638284518
0x000000f5c0afe4d0:   0000028636505301 0000000000000101
0x000000f5c0afe4e0:   00000286370014c0 00007ff99cf3b171
0x000000f5c0afe4f0:   0000028637000d58 00000286370014c0
0x000000f5c0afe500:   00000286370014c0 0000028637000d58
0x000000f5c0afe510:   00007ff99d62da98 00007ff900000000
0x000000f5c0afe520:   0000028637000d58 0000000000000000
0x000000f5c0afe530:   0000000000000000 0000000000000000
0x000000f5c0afe540:   0000028600000001 0000028637000d58
0x000000f5c0afe550:   0000028637000d58 0000020000000004
0x000000f5c0afe560:   00000286370014c0 0000000000000000
0x000000f5c0afe570:   0000000000000000 0000000000000000
0x000000f5c0afe580:   00000286365215b0 000002864a69f420
0x000000f5c0afe590:   0000028636505340 00007ff99ceab85c
0x000000f5c0afe5a0:   000002861ba39ce0 000002864a69f420
0x000000f5c0afe5b0:   000002864a69f420 0000028636505340
0x000000f5c0afe5c0:   0000000000000001 00007ff99cea7bd0
0x000000f5c0afe5d0:   000000f5c0afe720 0000000000000000
0x000000f5c0afe5e0:   0000000000000000 00007ff99ceb7cc8 

Instructions: (pc=0x00007ff99ced39c4)
0x00007ff99ced38c4:   00 48 89 84 24 b8 00 00 00 48 8d 4c 24 20 e8 59
0x00007ff99ced38d4:   1b 49 00 48 8b 0d a2 e0 98 00 48 8d 54 24 20 e8
0x00007ff99ced38e4:   08 0d 00 00 48 8d 4c 24 20 e8 ce 0b 49 00 48 8d
0x00007ff99ced38f4:   4c 24 20 e8 34 07 38 00 48 83 3e 00 74 13 49 8b
0x00007ff99ced3904:   d6 48 8b cb e8 33 9e eb ff 48 8b ce e8 0b 9e eb
0x00007ff99ced3914:   ff 4c 8b b4 24 d0 00 00 00 48 39 7b 18 74 0c 48
0x00007ff99ced3924:   89 73 10 48 89 7b 18 48 89 6b 20 48 8b b4 24 f0
0x00007ff99ced3934:   00 00 00 48 8b ac 24 e8 00 00 00 48 8b 9c 24 e0
0x00007ff99ced3944:   00 00 00 48 8b bc 24 f8 00 00 00 48 8b 8c 24 c0
0x00007ff99ced3954:   00 00 00 48 33 cc e8 11 1b 6a 00 48 81 c4 d8 00
0x00007ff99ced3964:   00 00 c3 cc cc cc cc cc cc cc cc cc 48 85 d2 74
0x00007ff99ced3974:   3b 48 89 5c 24 08 57 48 83 ec 20 48 83 3a 00 48
0x00007ff99ced3984:   8b da 48 8b f9 74 1b e8 60 8c 61 00 48 8b d0 48
0x00007ff99ced3994:   8d 4c 24 38 4c 8b c3 e8 a0 98 65 00 48 8b 08 48
0x00007ff99ced39a4:   89 0f 48 8b 5c 24 30 48 83 c4 20 5f c3 cc cc cc
0x00007ff99ced39b4:   cc cc cc cc cc cc cc cc cc cc cc cc 48 83 ec 28
0x00007ff99ced39c4:   83 79 24 00 7f 13 48 8b 09 ff 15 95 c5 92 00 48
0x00007ff99ced39d4:   85 c0 75 05 48 83 c4 28 c3 b0 01 48 83 c4 28 c3
0x00007ff99ced39e4:   cc cc cc cc cc cc cc cc cc cc cc cc 48 89 5c 24
0x00007ff99ced39f4:   08 57 48 83 ec 20 48 3b 0d 7f df 98 00 48 8b d9
0x00007ff99ced3a04:   74 5e 48 8b 49 08 48 85 c9 74 55 ff 15 0b 46 92
0x00007ff99ced3a14:   00 48 85 c0 74 4a 48 8b 4b 08 33 ff 48 85 c9 75
0x00007ff99ced3a24:   04 8b c7 eb 06 ff 15 f1 45 92 00 48 8b c8 e8 49
0x00007ff99ced3a34:   eb 5b 00 84 c0 75 29 48 8b 4b 08 48 85 c9 74 09
0x00007ff99ced3a44:   ff 15 d6 45 92 00 48 8b f8 48 8b cf e8 ab e9 5b
0x00007ff99ced3a54:   00 84 c0 75 0b 48 8b 5c 24 30 48 83 c4 20 5f c3
0x00007ff99ced3a64:   48 8b 5c 24 30 b0 01 48 83 c4 20 5f c3 cc cc cc
0x00007ff99ced3a74:   cc cc cc cc cc cc cc cc cc cc cc cc 48 89 5c 24
0x00007ff99ced3a84:   08 57 48 83 ec 20 48 3b 0d ef de 98 00 48 8b d9
0x00007ff99ced3a94:   74 53 48 8b 49 08 48 85 c9 74 4a ff 15 7b 45 92
0x00007ff99ced3aa4:   00 48 85 c0 74 3f 48 8b 4b 08 33 ff 48 85 c9 75
0x00007ff99ced3ab4:   04 8b c7 eb 06 ff 15 61 45 92 00 48 8b c8 e8 b9 


Stack slot to memory mapping:
stack at sp + 0 slots: {method} {0x00000286370014c8} 'clone' '()Ljava/lang/Object;' in 'java/lang/Object'
stack at sp + 1 slots: 0x0000028636505340 is a thread
stack at sp + 2 slots: 0x00000286375cc788 is pointing into metadata
stack at sp + 3 slots: 0x0000028636505340 is a thread
stack at sp + 4 slots: 0x0000028636522eb0 points into unknown readable memory: 0x00007ff99d616ac8 | c8 6a 61 9d f9 7f 00 00
stack at sp + 5 slots: 0x00007ff99d22546c jvm.dll
stack at sp + 6 slots: {method} {0x00000286370014c8} 'clone' '()Ljava/lang/Object;' in 'java/lang/Object'
stack at sp + 7 slots: {method} {0x00000286370014c8} 'clone' '()Ljava/lang/Object;' in 'java/lang/Object'


---------------  P R O C E S S  ---------------

Threads class SMR info:
_java_thread_list=0x000002864af10b80, length=25, elements={
0x000002861ba3a920, 0x00000286364e0e40, 0x00000286364e2920, 0x00000286364f1980,
0x00000286364f4760, 0x00000286364f5030, 0x00000286364f6910, 0x00000286364f7510,
0x0000028636505340, 0x000002863650acb0, 0x0000028636765f20, 0x0000028636766810,
0x000002864acb43d0, 0x000002864acc6ff0, 0x000002864a767060, 0x000002864aceaf10,
0x00000286368e84a0, 0x000002864ad324b0, 0x000002864ad31070, 0x000002864ad329c0,
0x000002864ad31580, 0x000002864ad31a90, 0x000002864accaf00, 0x000002864acca4e0,
0x000002864acca9f0
}

Java Threads: ( => current thread )
  0x000002861ba3a920 JavaThread "main" [_thread_blocked, id=3424, stack(0x000000f5bfc00000,0x000000f5bfd00000)]
  0x00000286364e0e40 JavaThread "Reference Handler" daemon [_thread_blocked, id=14464, stack(0x000000f5c0300000,0x000000f5c0400000)]
  0x00000286364e2920 JavaThread "Finalizer" daemon [_thread_blocked, id=5852, stack(0x000000f5c0400000,0x000000f5c0500000)]
  0x00000286364f1980 JavaThread "Signal Dispatcher" daemon [_thread_blocked, id=7548, stack(0x000000f5c0500000,0x000000f5c0600000)]
  0x00000286364f4760 JavaThread "Attach Listener" daemon [_thread_blocked, id=11056, stack(0x000000f5c0600000,0x000000f5c0700000)]
  0x00000286364f5030 JavaThread "Service Thread" daemon [_thread_blocked, id=8840, stack(0x000000f5c0700000,0x000000f5c0800000)]
  0x00000286364f6910 JavaThread "Monitor Deflation Thread" daemon [_thread_blocked, id=4932, stack(0x000000f5c0800000,0x000000f5c0900000)]
  0x00000286364f7510 JavaThread "C2 CompilerThread0" daemon [_thread_blocked, id=6232, stack(0x000000f5c0900000,0x000000f5c0a00000)]
=>0x0000028636505340 JavaThread "C1 CompilerThread0" daemon [_thread_in_vm, id=20976, stack(0x000000f5c0a00000,0x000000f5c0b00000)]
  0x000002863650acb0 JavaThread "Sweeper thread" daemon [_thread_blocked, id=5656, stack(0x000000f5c0b00000,0x000000f5c0c00000)]
  0x0000028636765f20 JavaThread "Common-Cleaner" daemon [_thread_blocked, id=17956, stack(0x000000f5c0c00000,0x000000f5c0d00000)]
  0x0000028636766810 JavaThread "Notification Thread" daemon [_thread_blocked, id=20088, stack(0x000000f5c0d00000,0x000000f5c0e00000)]
  0x000002864acb43d0 JavaThread "Daemon health stats" [_thread_blocked, id=17132, stack(0x000000f5c1500000,0x000000f5c1600000)]
  0x000002864acc6ff0 JavaThread "Incoming local TCP Connector on port 64822" [_thread_in_native, id=17212, stack(0x000000f5c1400000,0x000000f5c1500000)]
  0x000002864a767060 JavaThread "Daemon periodic checks" [_thread_blocked, id=14388, stack(0x000000f5c1600000,0x000000f5c1700000)]
  0x000002864aceaf10 JavaThread "Daemon" [_thread_blocked, id=9964, stack(0x000000f5c1700000,0x000000f5c1800000)]
  0x00000286368e84a0 JavaThread "Handler for socket connection from /127.0.0.1:64822 to /127.0.0.1:64824" [_thread_in_native, id=17504, stack(0x000000f5c1800000,0x000000f5c1900000)]
  0x000002864ad324b0 JavaThread "Cancel handler" [_thread_blocked, id=2816, stack(0x000000f5c1900000,0x000000f5c1a00000)]
  0x000002864ad31070 JavaThread "Daemon worker" [_thread_blocked, id=19200, stack(0x000000f5c1a00000,0x000000f5c1b00000)]
  0x000002864ad329c0 JavaThread "Asynchronous log dispatcher for DefaultDaemonConnection: socket connection from /127.0.0.1:64822 to /127.0.0.1:64824" [_thread_blocked, id=14716, stack(0x000000f5c1b00000,0x000000f5c1c00000)]
  0x000002864ad31580 JavaThread "Stdin handler" [_thread_blocked, id=20196, stack(0x000000f5c1c00000,0x000000f5c1d00000)]
  0x000002864ad31a90 JavaThread "Daemon client event forwarder" [_thread_blocked, id=10884, stack(0x000000f5c1d00000,0x000000f5c1e00000)]
  0x000002864accaf00 JavaThread "Cache worker for journal cache (C:\Users\lssb2\.gradle\caches\journal-1)" [_thread_blocked, id=18724, stack(0x000000f5c1e00000,0x000000f5c1f00000)]
  0x000002864acca4e0 JavaThread "File lock request listener" [_thread_in_native, id=17160, stack(0x000000f5c1f00000,0x000000f5c2000000)]
  0x000002864acca9f0 JavaThread "Cache worker for file hash cache (C:\Users\lssb2\.gradle\caches\7.6.2\fileHashes)" [_thread_blocked, id=9376, stack(0x000000f5c2000000,0x000000f5c2100000)]

Other Threads:
  0x00000286364dda00 VMThread "VM Thread" [stack: 0x000000f5c0200000,0x000000f5c0300000] [id=5364]
  0x0000028636767300 WatcherThread [stack: 0x000000f5c0e00000,0x000000f5c0f00000] [id=4184]
  0x000002861ba6b100 GCTaskThread "GC Thread#0" [stack: 0x000000f5bfd00000,0x000000f5bfe00000] [id=8936]
  0x0000028649b54d10 GCTaskThread "GC Thread#1" [stack: 0x000000f5c0f00000,0x000000f5c1000000] [id=16328]
  0x0000028649ae9230 GCTaskThread "GC Thread#2" [stack: 0x000000f5c1000000,0x000000f5c1100000] [id=18608]
  0x0000028649ae94f0 GCTaskThread "GC Thread#3" [stack: 0x000000f5c1100000,0x000000f5c1200000] [id=14060]
  0x0000028649b4d040 GCTaskThread "GC Thread#4" [stack: 0x000000f5c1200000,0x000000f5c1300000] [id=3752]
  0x0000028649b4d300 GCTaskThread "GC Thread#5" [stack: 0x000000f5c1300000,0x000000f5c1400000] [id=12256]
  0x000002861ba70f70 ConcurrentGCThread "G1 Main Marker" [stack: 0x000000f5bfe00000,0x000000f5bff00000] [id=18564]
  0x000002861ba72570 ConcurrentGCThread "G1 Conc#0" [stack: 0x000000f5bff00000,0x000000f5c0000000] [id=7984]
  0x000002861baee680 ConcurrentGCThread "G1 Refine#0" [stack: 0x000000f5c0000000,0x000000f5c0100000] [id=11956]
  0x0000028636397180 ConcurrentGCThread "G1 Service" [stack: 0x000000f5c0100000,0x000000f5c0200000] [id=1876]

Threads with active compile tasks:
C1 CompilerThread0    12068 2458   !   3       jdk.internal.reflect.NativeMethodAccessorImpl::invoke (137 bytes)

VM state: not at safepoint (normal execution)

VM Mutex/Monitor currently owned by a thread:  ([mutex/lock_event])
[0x000002861ba39ce0] Compile_lock - owner thread: 0x0000028636505340

Heap address: 0x00000000e0000000, size: 512 MB, Compressed Oops mode: 32-bit

CDS archive(s) mapped at: [0x0000028637000000-0x0000028637bb0000-0x0000028637bb0000), size 12255232, SharedBaseAddress: 0x0000028637000000, ArchiveRelocationMode: 1.
Compressed class space mapped at: 0x0000028638000000-0x0000028645000000, reserved size: 218103808
Narrow klass base: 0x0000028637000000, Narrow klass shift: 0, Narrow klass range: 0x100000000

GC Precious Log:
 CPUs: 8 total, 8 available
 Memory: 7961M
 Large Page Support: Disabled
 NUMA Support: Disabled
 Compressed Oops: Enabled (32-bit)
 Heap Region Size: 1M
 Heap Min Capacity: 256M
 Heap Initial Capacity: 256M
 Heap Max Capacity: 512M
 Pre-touch: Disabled
 Parallel Workers: 8
 Concurrent Workers: 2
 Concurrent Refinement Workers: 8
 Periodic GC: Disabled

Heap:
 garbage-first heap   total 262144K, used 91766K [0x00000000e0000000, 0x0000000100000000)
  region size 1024K, 82 young (83968K), 4 survivors (4096K)
 Metaspace       used 17991K, committed 18304K, reserved 278528K
  class space    used 2639K, committed 2816K, reserved 212992K

Heap Regions: E=young(eden), S=young(survivor), O=old, HS=humongous(starts), HC=humongous(continues), CS=collection set, F=free, OA=open archive, CA=closed archive, TAMS=top-at-mark-start (previous, next)
|   0|0x00000000e0000000, 0x00000000e0100000, 0x00000000e0100000|100%|HS|  |TAMS 0x00000000e0000000, 0x00000000e0000000| Complete 
|   1|0x00000000e0100000, 0x00000000e0200000, 0x00000000e0200000|100%|HC|  |TAMS 0x00000000e0100000, 0x00000000e0100000| Complete 
|   2|0x00000000e0200000, 0x00000000e0300000, 0x00000000e0300000|100%|HC|  |TAMS 0x00000000e0200000, 0x00000000e0200000| Complete 
|   3|0x00000000e0300000, 0x00000000e0400000, 0x00000000e0400000|100%| O|  |TAMS 0x00000000e0300000, 0x00000000e0300000| Untracked 
|   4|0x00000000e0400000, 0x00000000e0500000, 0x00000000e0500000|100%| O|  |TAMS 0x00000000e0400000, 0x00000000e0400000| Untracked 
|   5|0x00000000e0500000, 0x00000000e0600000, 0x00000000e0600000|100%| O|  |TAMS 0x00000000e0500000, 0x00000000e0500000| Untracked 
|   6|0x00000000e0600000, 0x00000000e0600000, 0x00000000e0700000|  0%| F|  |TAMS 0x00000000e0600000, 0x00000000e0600000| Untracked 
|   7|0x00000000e0700000, 0x00000000e0800000, 0x00000000e0800000|100%| O|  |TAMS 0x00000000e0700000, 0x00000000e0700000| Untracked 
|   8|0x00000000e0800000, 0x00000000e0900000, 0x00000000e0900000|100%| O|  |TAMS 0x00000000e0800000, 0x00000000e0800000| Untracked 
|   9|0x00000000e0900000, 0x00000000e0a00000, 0x00000000e0a00000|100%| O|  |TAMS 0x00000000e0900000, 0x00000000e0900000| Untracked 
|  10|0x00000000e0a00000, 0x00000000e0a28e00, 0x00000000e0b00000| 15%| O|  |TAMS 0x00000000e0a00000, 0x00000000e0a00000| Untracked 
|  11|0x00000000e0b00000, 0x00000000e0b00000, 0x00000000e0c00000|  0%| F|  |TAMS 0x00000000e0b00000, 0x00000000e0b00000| Untracked 
|  12|0x00000000e0c00000, 0x00000000e0c00000, 0x00000000e0d00000|  0%| F|  |TAMS 0x00000000e0c00000, 0x00000000e0c00000| Untracked 
|  13|0x00000000e0d00000, 0x00000000e0d00000, 0x00000000e0e00000|  0%| F|  |TAMS 0x00000000e0d00000, 0x00000000e0d00000| Untracked 
|  14|0x00000000e0e00000, 0x00000000e0e00000, 0x00000000e0f00000|  0%| F|  |TAMS 0x00000000e0e00000, 0x00000000e0e00000| Untracked 
|  15|0x00000000e0f00000, 0x00000000e0f00000, 0x00000000e1000000|  0%| F|  |TAMS 0x00000000e0f00000, 0x00000000e0f00000| Untracked 
|  16|0x00000000e1000000, 0x00000000e1000000, 0x00000000e1100000|  0%| F|  |TAMS 0x00000000e1000000, 0x00000000e1000000| Untracked 
|  17|0x00000000e1100000, 0x00000000e1100000, 0x00000000e1200000|  0%| F|  |TAMS 0x00000000e1100000, 0x00000000e1100000| Untracked 
|  18|0x00000000e1200000, 0x00000000e1200000, 0x00000000e1300000|  0%| F|  |TAMS 0x00000000e1200000, 0x00000000e1200000| Untracked 
|  19|0x00000000e1300000, 0x00000000e1300000, 0x00000000e1400000|  0%| F|  |TAMS 0x00000000e1300000, 0x00000000e1300000| Untracked 
|  20|0x00000000e1400000, 0x00000000e1400000, 0x00000000e1500000|  0%| F|  |TAMS 0x00000000e1400000, 0x00000000e1400000| Untracked 
|  21|0x00000000e1500000, 0x00000000e1500000, 0x00000000e1600000|  0%| F|  |TAMS 0x00000000e1500000, 0x00000000e1500000| Untracked 
|  22|0x00000000e1600000, 0x00000000e1600000, 0x00000000e1700000|  0%| F|  |TAMS 0x00000000e1600000, 0x00000000e1600000| Untracked 
|  23|0x00000000e1700000, 0x00000000e1700000, 0x00000000e1800000|  0%| F|  |TAMS 0x00000000e1700000, 0x00000000e1700000| Untracked 
|  24|0x00000000e1800000, 0x00000000e1800000, 0x00000000e1900000|  0%| F|  |TAMS 0x00000000e1800000, 0x00000000e1800000| Untracked 
|  25|0x00000000e1900000, 0x00000000e1900000, 0x00000000e1a00000|  0%| F|  |TAMS 0x00000000e1900000, 0x00000000e1900000| Untracked 
|  26|0x00000000e1a00000, 0x00000000e1a00000, 0x00000000e1b00000|  0%| F|  |TAMS 0x00000000e1a00000, 0x00000000e1a00000| Untracked 
|  27|0x00000000e1b00000, 0x00000000e1b00000, 0x00000000e1c00000|  0%| F|  |TAMS 0x00000000e1b00000, 0x00000000e1b00000| Untracked 
|  28|0x00000000e1c00000, 0x00000000e1c00000, 0x00000000e1d00000|  0%| F|  |TAMS 0x00000000e1c00000, 0x00000000e1c00000| Untracked 
|  29|0x00000000e1d00000, 0x00000000e1d00000, 0x00000000e1e00000|  0%| F|  |TAMS 0x00000000e1d00000, 0x00000000e1d00000| Untracked 
|  30|0x00000000e1e00000, 0x00000000e1e00000, 0x00000000e1f00000|  0%| F|  |TAMS 0x00000000e1e00000, 0x00000000e1e00000| Untracked 
|  31|0x00000000e1f00000, 0x00000000e1f00000, 0x00000000e2000000|  0%| F|  |TAMS 0x00000000e1f00000, 0x00000000e1f00000| Untracked 
|  32|0x00000000e2000000, 0x00000000e2000000, 0x00000000e2100000|  0%| F|  |TAMS 0x00000000e2000000, 0x00000000e2000000| Untracked 
|  33|0x00000000e2100000, 0x00000000e2100000, 0x00000000e2200000|  0%| F|  |TAMS 0x00000000e2100000, 0x00000000e2100000| Untracked 
|  34|0x00000000e2200000, 0x00000000e2200000, 0x00000000e2300000|  0%| F|  |TAMS 0x00000000e2200000, 0x00000000e2200000| Untracked 
|  35|0x00000000e2300000, 0x00000000e2300000, 0x00000000e2400000|  0%| F|  |TAMS 0x00000000e2300000, 0x00000000e2300000| Untracked 
|  36|0x00000000e2400000, 0x00000000e2400000, 0x00000000e2500000|  0%| F|  |TAMS 0x00000000e2400000, 0x00000000e2400000| Untracked 
|  37|0x00000000e2500000, 0x00000000e2500000, 0x00000000e2600000|  0%| F|  |TAMS 0x00000000e2500000, 0x00000000e2500000| Untracked 
|  38|0x00000000e2600000, 0x00000000e2600000, 0x00000000e2700000|  0%| F|  |TAMS 0x00000000e2600000, 0x00000000e2600000| Untracked 
|  39|0x00000000e2700000, 0x00000000e2700000, 0x00000000e2800000|  0%| F|  |TAMS 0x00000000e2700000, 0x00000000e2700000| Untracked 
|  40|0x00000000e2800000, 0x00000000e2800000, 0x00000000e2900000|  0%| F|  |TAMS 0x00000000e2800000, 0x00000000e2800000| Untracked 
|  41|0x00000000e2900000, 0x00000000e2900000, 0x00000000e2a00000|  0%| F|  |TAMS 0x00000000e2900000, 0x00000000e2900000| Untracked 
|  42|0x00000000e2a00000, 0x00000000e2a00000, 0x00000000e2b00000|  0%| F|  |TAMS 0x00000000e2a00000, 0x00000000e2a00000| Untracked 
|  43|0x00000000e2b00000, 0x00000000e2b00000, 0x00000000e2c00000|  0%| F|  |TAMS 0x00000000e2b00000, 0x00000000e2b00000| Untracked 
|  44|0x00000000e2c00000, 0x00000000e2c00000, 0x00000000e2d00000|  0%| F|  |TAMS 0x00000000e2c00000, 0x00000000e2c00000| Untracked 
|  45|0x00000000e2d00000, 0x00000000e2d00000, 0x00000000e2e00000|  0%| F|  |TAMS 0x00000000e2d00000, 0x00000000e2d00000| Untracked 
|  46|0x00000000e2e00000, 0x00000000e2e00000, 0x00000000e2f00000|  0%| F|  |TAMS 0x00000000e2e00000, 0x00000000e2e00000| Untracked 
|  47|0x00000000e2f00000, 0x00000000e2f00000, 0x00000000e3000000|  0%| F|  |TAMS 0x00000000e2f00000, 0x00000000e2f00000| Untracked 
|  48|0x00000000e3000000, 0x00000000e3000000, 0x00000000e3100000|  0%| F|  |TAMS 0x00000000e3000000, 0x00000000e3000000| Untracked 
|  49|0x00000000e3100000, 0x00000000e3100000, 0x00000000e3200000|  0%| F|  |TAMS 0x00000000e3100000, 0x00000000e3100000| Untracked 
|  50|0x00000000e3200000, 0x00000000e3200000, 0x00000000e3300000|  0%| F|  |TAMS 0x00000000e3200000, 0x00000000e3200000| Untracked 
|  51|0x00000000e3300000, 0x00000000e3300000, 0x00000000e3400000|  0%| F|  |TAMS 0x00000000e3300000, 0x00000000e3300000| Untracked 
|  52|0x00000000e3400000, 0x00000000e3400000, 0x00000000e3500000|  0%| F|  |TAMS 0x00000000e3400000, 0x00000000e3400000| Untracked 
|  53|0x00000000e3500000, 0x00000000e3500000, 0x00000000e3600000|  0%| F|  |TAMS 0x00000000e3500000, 0x00000000e3500000| Untracked 
|  54|0x00000000e3600000, 0x00000000e3600000, 0x00000000e3700000|  0%| F|  |TAMS 0x00000000e3600000, 0x00000000e3600000| Untracked 
|  55|0x00000000e3700000, 0x00000000e3700000, 0x00000000e3800000|  0%| F|  |TAMS 0x00000000e3700000, 0x00000000e3700000| Untracked 
|  56|0x00000000e3800000, 0x00000000e3800000, 0x00000000e3900000|  0%| F|  |TAMS 0x00000000e3800000, 0x00000000e3800000| Untracked 
|  57|0x00000000e3900000, 0x00000000e3900000, 0x00000000e3a00000|  0%| F|  |TAMS 0x00000000e3900000, 0x00000000e3900000| Untracked 
|  58|0x00000000e3a00000, 0x00000000e3a00000, 0x00000000e3b00000|  0%| F|  |TAMS 0x00000000e3a00000, 0x00000000e3a00000| Untracked 
|  59|0x00000000e3b00000, 0x00000000e3b00000, 0x00000000e3c00000|  0%| F|  |TAMS 0x00000000e3b00000, 0x00000000e3b00000| Untracked 
|  60|0x00000000e3c00000, 0x00000000e3c00000, 0x00000000e3d00000|  0%| F|  |TAMS 0x00000000e3c00000, 0x00000000e3c00000| Untracked 
|  61|0x00000000e3d00000, 0x00000000e3d00000, 0x00000000e3e00000|  0%| F|  |TAMS 0x00000000e3d00000, 0x00000000e3d00000| Untracked 
|  62|0x00000000e3e00000, 0x00000000e3e00000, 0x00000000e3f00000|  0%| F|  |TAMS 0x00000000e3e00000, 0x00000000e3e00000| Untracked 
|  63|0x00000000e3f00000, 0x00000000e3f00000, 0x00000000e4000000|  0%| F|  |TAMS 0x00000000e3f00000, 0x00000000e3f00000| Untracked 
|  64|0x00000000e4000000, 0x00000000e4000000, 0x00000000e4100000|  0%| F|  |TAMS 0x00000000e4000000, 0x00000000e4000000| Untracked 
|  65|0x00000000e4100000, 0x00000000e4100000, 0x00000000e4200000|  0%| F|  |TAMS 0x00000000e4100000, 0x00000000e4100000| Untracked 
|  66|0x00000000e4200000, 0x00000000e4200000, 0x00000000e4300000|  0%| F|  |TAMS 0x00000000e4200000, 0x00000000e4200000| Untracked 
|  67|0x00000000e4300000, 0x00000000e4300000, 0x00000000e4400000|  0%| F|  |TAMS 0x00000000e4300000, 0x00000000e4300000| Untracked 
|  68|0x00000000e4400000, 0x00000000e4400000, 0x00000000e4500000|  0%| F|  |TAMS 0x00000000e4400000, 0x00000000e4400000| Untracked 
|  69|0x00000000e4500000, 0x00000000e4500000, 0x00000000e4600000|  0%| F|  |TAMS 0x00000000e4500000, 0x00000000e4500000| Untracked 
|  70|0x00000000e4600000, 0x00000000e4600000, 0x00000000e4700000|  0%| F|  |TAMS 0x00000000e4600000, 0x00000000e4600000| Untracked 
|  71|0x00000000e4700000, 0x00000000e4700000, 0x00000000e4800000|  0%| F|  |TAMS 0x00000000e4700000, 0x00000000e4700000| Untracked 
|  72|0x00000000e4800000, 0x00000000e4800000, 0x00000000e4900000|  0%| F|  |TAMS 0x00000000e4800000, 0x00000000e4800000| Untracked 
|  73|0x00000000e4900000, 0x00000000e4900000, 0x00000000e4a00000|  0%| F|  |TAMS 0x00000000e4900000, 0x00000000e4900000| Untracked 
|  74|0x00000000e4a00000, 0x00000000e4a00000, 0x00000000e4b00000|  0%| F|  |TAMS 0x00000000e4a00000, 0x00000000e4a00000| Untracked 
|  75|0x00000000e4b00000, 0x00000000e4b00000, 0x00000000e4c00000|  0%| F|  |TAMS 0x00000000e4b00000, 0x00000000e4b00000| Untracked 
|  76|0x00000000e4c00000, 0x00000000e4c00000, 0x00000000e4d00000|  0%| F|  |TAMS 0x00000000e4c00000, 0x00000000e4c00000| Untracked 
|  77|0x00000000e4d00000, 0x00000000e4d00000, 0x00000000e4e00000|  0%| F|  |TAMS 0x00000000e4d00000, 0x00000000e4d00000| Untracked 
|  78|0x00000000e4e00000, 0x00000000e4e00000, 0x00000000e4f00000|  0%| F|  |TAMS 0x00000000e4e00000, 0x00000000e4e00000| Untracked 
|  79|0x00000000e4f00000, 0x00000000e4f00000, 0x00000000e5000000|  0%| F|  |TAMS 0x00000000e4f00000, 0x00000000e4f00000| Untracked 
|  80|0x00000000e5000000, 0x00000000e5000000, 0x00000000e5100000|  0%| F|  |TAMS 0x00000000e5000000, 0x00000000e5000000| Untracked 
|  81|0x00000000e5100000, 0x00000000e5100000, 0x00000000e5200000|  0%| F|  |TAMS 0x00000000e5100000, 0x00000000e5100000| Untracked 
|  82|0x00000000e5200000, 0x00000000e5200000, 0x00000000e5300000|  0%| F|  |TAMS 0x00000000e5200000, 0x00000000e5200000| Untracked 
|  83|0x00000000e5300000, 0x00000000e5300000, 0x00000000e5400000|  0%| F|  |TAMS 0x00000000e5300000, 0x00000000e5300000| Untracked 
|  84|0x00000000e5400000, 0x00000000e5400000, 0x00000000e5500000|  0%| F|  |TAMS 0x00000000e5400000, 0x00000000e5400000| Untracked 
|  85|0x00000000e5500000, 0x00000000e5500000, 0x00000000e5600000|  0%| F|  |TAMS 0x00000000e5500000, 0x00000000e5500000| Untracked 
|  86|0x00000000e5600000, 0x00000000e5600000, 0x00000000e5700000|  0%| F|  |TAMS 0x00000000e5600000, 0x00000000e5600000| Untracked 
|  87|0x00000000e5700000, 0x00000000e5700000, 0x00000000e5800000|  0%| F|  |TAMS 0x00000000e5700000, 0x00000000e5700000| Untracked 
|  88|0x00000000e5800000, 0x00000000e5800000, 0x00000000e5900000|  0%| F|  |TAMS 0x00000000e5800000, 0x00000000e5800000| Untracked 
|  89|0x00000000e5900000, 0x00000000e5900000, 0x00000000e5a00000|  0%| F|  |TAMS 0x00000000e5900000, 0x00000000e5900000| Untracked 
|  90|0x00000000e5a00000, 0x00000000e5a00000, 0x00000000e5b00000|  0%| F|  |TAMS 0x00000000e5a00000, 0x00000000e5a00000| Untracked 
|  91|0x00000000e5b00000, 0x00000000e5b00000, 0x00000000e5c00000|  0%| F|  |TAMS 0x00000000e5b00000, 0x00000000e5b00000| Untracked 
|  92|0x00000000e5c00000, 0x00000000e5c00000, 0x00000000e5d00000|  0%| F|  |TAMS 0x00000000e5c00000, 0x00000000e5c00000| Untracked 
|  93|0x00000000e5d00000, 0x00000000e5d00000, 0x00000000e5e00000|  0%| F|  |TAMS 0x00000000e5d00000, 0x00000000e5d00000| Untracked 
|  94|0x00000000e5e00000, 0x00000000e5e00000, 0x00000000e5f00000|  0%| F|  |TAMS 0x00000000e5e00000, 0x00000000e5e00000| Untracked 
|  95|0x00000000e5f00000, 0x00000000e5f00000, 0x00000000e6000000|  0%| F|  |TAMS 0x00000000e5f00000, 0x00000000e5f00000| Untracked 
|  96|0x00000000e6000000, 0x00000000e6000000, 0x00000000e6100000|  0%| F|  |TAMS 0x00000000e6000000, 0x00000000e6000000| Untracked 
|  97|0x00000000e6100000, 0x00000000e6100000, 0x00000000e6200000|  0%| F|  |TAMS 0x00000000e6100000, 0x00000000e6100000| Untracked 
|  98|0x00000000e6200000, 0x00000000e6200000, 0x00000000e6300000|  0%| F|  |TAMS 0x00000000e6200000, 0x00000000e6200000| Untracked 
|  99|0x00000000e6300000, 0x00000000e6300000, 0x00000000e6400000|  0%| F|  |TAMS 0x00000000e6300000, 0x00000000e6300000| Untracked 
| 100|0x00000000e6400000, 0x00000000e6400000, 0x00000000e6500000|  0%| F|  |TAMS 0x00000000e6400000, 0x00000000e6400000| Untracked 
| 101|0x00000000e6500000, 0x00000000e6500000, 0x00000000e6600000|  0%| F|  |TAMS 0x00000000e6500000, 0x00000000e6500000| Untracked 
| 102|0x00000000e6600000, 0x00000000e6600000, 0x00000000e6700000|  0%| F|  |TAMS 0x00000000e6600000, 0x00000000e6600000| Untracked 
| 103|0x00000000e6700000, 0x00000000e6700000, 0x00000000e6800000|  0%| F|  |TAMS 0x00000000e6700000, 0x00000000e6700000| Untracked 
| 104|0x00000000e6800000, 0x00000000e6800000, 0x00000000e6900000|  0%| F|  |TAMS 0x00000000e6800000, 0x00000000e6800000| Untracked 
| 105|0x00000000e6900000, 0x00000000e6900000, 0x00000000e6a00000|  0%| F|  |TAMS 0x00000000e6900000, 0x00000000e6900000| Untracked 
| 106|0x00000000e6a00000, 0x00000000e6a00000, 0x00000000e6b00000|  0%| F|  |TAMS 0x00000000e6a00000, 0x00000000e6a00000| Untracked 
| 107|0x00000000e6b00000, 0x00000000e6b00000, 0x00000000e6c00000|  0%| F|  |TAMS 0x00000000e6b00000, 0x00000000e6b00000| Untracked 
| 108|0x00000000e6c00000, 0x00000000e6c00000, 0x00000000e6d00000|  0%| F|  |TAMS 0x00000000e6c00000, 0x00000000e6c00000| Untracked 
| 109|0x00000000e6d00000, 0x00000000e6d00000, 0x00000000e6e00000|  0%| F|  |TAMS 0x00000000e6d00000, 0x00000000e6d00000| Untracked 
| 110|0x00000000e6e00000, 0x00000000e6e00000, 0x00000000e6f00000|  0%| F|  |TAMS 0x00000000e6e00000, 0x00000000e6e00000| Untracked 
| 111|0x00000000e6f00000, 0x00000000e6f00000, 0x00000000e7000000|  0%| F|  |TAMS 0x00000000e6f00000, 0x00000000e6f00000| Untracked 
| 112|0x00000000e7000000, 0x00000000e7000000, 0x00000000e7100000|  0%| F|  |TAMS 0x00000000e7000000, 0x00000000e7000000| Untracked 
| 113|0x00000000e7100000, 0x00000000e7100000, 0x00000000e7200000|  0%| F|  |TAMS 0x00000000e7100000, 0x00000000e7100000| Untracked 
| 114|0x00000000e7200000, 0x00000000e7200000, 0x00000000e7300000|  0%| F|  |TAMS 0x00000000e7200000, 0x00000000e7200000| Untracked 
| 115|0x00000000e7300000, 0x00000000e7300000, 0x00000000e7400000|  0%| F|  |TAMS 0x00000000e7300000, 0x00000000e7300000| Untracked 
| 116|0x00000000e7400000, 0x00000000e7400000, 0x00000000e7500000|  0%| F|  |TAMS 0x00000000e7400000, 0x00000000e7400000| Untracked 
| 117|0x00000000e7500000, 0x00000000e7500000, 0x00000000e7600000|  0%| F|  |TAMS 0x00000000e7500000, 0x00000000e7500000| Untracked 
| 118|0x00000000e7600000, 0x00000000e7600000, 0x00000000e7700000|  0%| F|  |TAMS 0x00000000e7600000, 0x00000000e7600000| Untracked 
| 119|0x00000000e7700000, 0x00000000e7700000, 0x00000000e7800000|  0%| F|  |TAMS 0x00000000e7700000, 0x00000000e7700000| Untracked 
| 120|0x00000000e7800000, 0x00000000e7800000, 0x00000000e7900000|  0%| F|  |TAMS 0x00000000e7800000, 0x00000000e7800000| Untracked 
| 121|0x00000000e7900000, 0x00000000e7900000, 0x00000000e7a00000|  0%| F|  |TAMS 0x00000000e7900000, 0x00000000e7900000| Untracked 
| 122|0x00000000e7a00000, 0x00000000e7a00000, 0x00000000e7b00000|  0%| F|  |TAMS 0x00000000e7a00000, 0x00000000e7a00000| Untracked 
| 123|0x00000000e7b00000, 0x00000000e7b00000, 0x00000000e7c00000|  0%| F|  |TAMS 0x00000000e7b00000, 0x00000000e7b00000| Untracked 
| 124|0x00000000e7c00000, 0x00000000e7c00000, 0x00000000e7d00000|  0%| F|  |TAMS 0x00000000e7c00000, 0x00000000e7c00000| Untracked 
| 125|0x00000000e7d00000, 0x00000000e7d00000, 0x00000000e7e00000|  0%| F|  |TAMS 0x00000000e7d00000, 0x00000000e7d00000| Untracked 
| 126|0x00000000e7e00000, 0x00000000e7e00000, 0x00000000e7f00000|  0%| F|  |TAMS 0x00000000e7e00000, 0x00000000e7e00000| Untracked 
| 127|0x00000000e7f00000, 0x00000000e7f00000, 0x00000000e8000000|  0%| F|  |TAMS 0x00000000e7f00000, 0x00000000e7f00000| Untracked 
| 128|0x00000000e8000000, 0x00000000e8000000, 0x00000000e8100000|  0%| F|  |TAMS 0x00000000e8000000, 0x00000000e8000000| Untracked 
| 129|0x00000000e8100000, 0x00000000e8100000, 0x00000000e8200000|  0%| F|  |TAMS 0x00000000e8100000, 0x00000000e8100000| Untracked 
| 130|0x00000000e8200000, 0x00000000e8200000, 0x00000000e8300000|  0%| F|  |TAMS 0x00000000e8200000, 0x00000000e8200000| Untracked 
| 131|0x00000000e8300000, 0x00000000e8300000, 0x00000000e8400000|  0%| F|  |TAMS 0x00000000e8300000, 0x00000000e8300000| Untracked 
| 132|0x00000000e8400000, 0x00000000e8400000, 0x00000000e8500000|  0%| F|  |TAMS 0x00000000e8400000, 0x00000000e8400000| Untracked 
| 133|0x00000000e8500000, 0x00000000e8500000, 0x00000000e8600000|  0%| F|  |TAMS 0x00000000e8500000, 0x00000000e8500000| Untracked 
| 134|0x00000000e8600000, 0x00000000e8600000, 0x00000000e8700000|  0%| F|  |TAMS 0x00000000e8600000, 0x00000000e8600000| Untracked 
| 135|0x00000000e8700000, 0x00000000e8700000, 0x00000000e8800000|  0%| F|  |TAMS 0x00000000e8700000, 0x00000000e8700000| Untracked 
| 136|0x00000000e8800000, 0x00000000e8800000, 0x00000000e8900000|  0%| F|  |TAMS 0x00000000e8800000, 0x00000000e8800000| Untracked 
| 137|0x00000000e8900000, 0x00000000e8900000, 0x00000000e8a00000|  0%| F|  |TAMS 0x00000000e8900000, 0x00000000e8900000| Untracked 
| 138|0x00000000e8a00000, 0x00000000e8a00000, 0x00000000e8b00000|  0%| F|  |TAMS 0x00000000e8a00000, 0x00000000e8a00000| Untracked 
| 139|0x00000000e8b00000, 0x00000000e8b00000, 0x00000000e8c00000|  0%| F|  |TAMS 0x00000000e8b00000, 0x00000000e8b00000| Untracked 
| 140|0x00000000e8c00000, 0x00000000e8c00000, 0x00000000e8d00000|  0%| F|  |TAMS 0x00000000e8c00000, 0x00000000e8c00000| Untracked 
| 141|0x00000000e8d00000, 0x00000000e8d00000, 0x00000000e8e00000|  0%| F|  |TAMS 0x00000000e8d00000, 0x00000000e8d00000| Untracked 
| 142|0x00000000e8e00000, 0x00000000e8e00000, 0x00000000e8f00000|  0%| F|  |TAMS 0x00000000e8e00000, 0x00000000e8e00000| Untracked 
| 143|0x00000000e8f00000, 0x00000000e8f00000, 0x00000000e9000000|  0%| F|  |TAMS 0x00000000e8f00000, 0x00000000e8f00000| Untracked 
| 144|0x00000000e9000000, 0x00000000e9000000, 0x00000000e9100000|  0%| F|  |TAMS 0x00000000e9000000, 0x00000000e9000000| Untracked 
| 145|0x00000000e9100000, 0x00000000e9100000, 0x00000000e9200000|  0%| F|  |TAMS 0x00000000e9100000, 0x00000000e9100000| Untracked 
| 146|0x00000000e9200000, 0x00000000e9200000, 0x00000000e9300000|  0%| F|  |TAMS 0x00000000e9200000, 0x00000000e9200000| Untracked 
| 147|0x00000000e9300000, 0x00000000e9300000, 0x00000000e9400000|  0%| F|  |TAMS 0x00000000e9300000, 0x00000000e9300000| Untracked 
| 148|0x00000000e9400000, 0x00000000e9400000, 0x00000000e9500000|  0%| F|  |TAMS 0x00000000e9400000, 0x00000000e9400000| Untracked 
| 149|0x00000000e9500000, 0x00000000e9500000, 0x00000000e9600000|  0%| F|  |TAMS 0x00000000e9500000, 0x00000000e9500000| Untracked 
| 150|0x00000000e9600000, 0x00000000e9600000, 0x00000000e9700000|  0%| F|  |TAMS 0x00000000e9600000, 0x00000000e9600000| Untracked 
| 151|0x00000000e9700000, 0x00000000e9700000, 0x00000000e9800000|  0%| F|  |TAMS 0x00000000e9700000, 0x00000000e9700000| Untracked 
| 152|0x00000000e9800000, 0x00000000e9800000, 0x00000000e9900000|  0%| F|  |TAMS 0x00000000e9800000, 0x00000000e9800000| Untracked 
| 153|0x00000000e9900000, 0x00000000e9900000, 0x00000000e9a00000|  0%| F|  |TAMS 0x00000000e9900000, 0x00000000e9900000| Untracked 
| 154|0x00000000e9a00000, 0x00000000e9a00000, 0x00000000e9b00000|  0%| F|  |TAMS 0x00000000e9a00000, 0x00000000e9a00000| Untracked 
| 155|0x00000000e9b00000, 0x00000000e9b00000, 0x00000000e9c00000|  0%| F|  |TAMS 0x00000000e9b00000, 0x00000000e9b00000| Untracked 
| 156|0x00000000e9c00000, 0x00000000e9c00000, 0x00000000e9d00000|  0%| F|  |TAMS 0x00000000e9c00000, 0x00000000e9c00000| Untracked 
| 157|0x00000000e9d00000, 0x00000000e9d00000, 0x00000000e9e00000|  0%| F|  |TAMS 0x00000000e9d00000, 0x00000000e9d00000| Untracked 
| 158|0x00000000e9e00000, 0x00000000e9e00000, 0x00000000e9f00000|  0%| F|  |TAMS 0x00000000e9e00000, 0x00000000e9e00000| Untracked 
| 159|0x00000000e9f00000, 0x00000000e9f00000, 0x00000000ea000000|  0%| F|  |TAMS 0x00000000e9f00000, 0x00000000e9f00000| Untracked 
| 160|0x00000000ea000000, 0x00000000ea000000, 0x00000000ea100000|  0%| F|  |TAMS 0x00000000ea000000, 0x00000000ea000000| Untracked 
| 161|0x00000000ea100000, 0x00000000ea100000, 0x00000000ea200000|  0%| F|  |TAMS 0x00000000ea100000, 0x00000000ea100000| Untracked 
| 162|0x00000000ea200000, 0x00000000ea200000, 0x00000000ea300000|  0%| F|  |TAMS 0x00000000ea200000, 0x00000000ea200000| Untracked 
| 163|0x00000000ea300000, 0x00000000ea300000, 0x00000000ea400000|  0%| F|  |TAMS 0x00000000ea300000, 0x00000000ea300000| Untracked 
| 164|0x00000000ea400000, 0x00000000ea400000, 0x00000000ea500000|  0%| F|  |TAMS 0x00000000ea400000, 0x00000000ea400000| Untracked 
| 165|0x00000000ea500000, 0x00000000ea500000, 0x00000000ea600000|  0%| F|  |TAMS 0x00000000ea500000, 0x00000000ea500000| Untracked 
| 166|0x00000000ea600000, 0x00000000ea600000, 0x00000000ea700000|  0%| F|  |TAMS 0x00000000ea600000, 0x00000000ea600000| Untracked 
| 167|0x00000000ea700000, 0x00000000ea700000, 0x00000000ea800000|  0%| F|  |TAMS 0x00000000ea700000, 0x00000000ea700000| Untracked 
| 168|0x00000000ea800000, 0x00000000ea800000, 0x00000000ea900000|  0%| F|  |TAMS 0x00000000ea800000, 0x00000000ea800000| Untracked 
| 169|0x00000000ea900000, 0x00000000ea900000, 0x00000000eaa00000|  0%| F|  |TAMS 0x00000000ea900000, 0x00000000ea900000| Untracked 
| 170|0x00000000eaa00000, 0x00000000eaa00000, 0x00000000eab00000|  0%| F|  |TAMS 0x00000000eaa00000, 0x00000000eaa00000| Untracked 
| 171|0x00000000eab00000, 0x00000000eab00000, 0x00000000eac00000|  0%| F|  |TAMS 0x00000000eab00000, 0x00000000eab00000| Untracked 
| 172|0x00000000eac00000, 0x00000000eac00000, 0x00000000ead00000|  0%| F|  |TAMS 0x00000000eac00000, 0x00000000eac00000| Untracked 
| 173|0x00000000ead00000, 0x00000000ead00000, 0x00000000eae00000|  0%| F|  |TAMS 0x00000000ead00000, 0x00000000ead00000| Untracked 
| 174|0x00000000eae00000, 0x00000000eae80000, 0x00000000eaf00000| 50%| E|  |TAMS 0x00000000eae00000, 0x00000000eae00000| Complete 
| 175|0x00000000eaf00000, 0x00000000eb000000, 0x00000000eb000000|100%| E|CS|TAMS 0x00000000eaf00000, 0x00000000eaf00000| Complete 
| 176|0x00000000eb000000, 0x00000000eb100000, 0x00000000eb100000|100%| E|CS|TAMS 0x00000000eb000000, 0x00000000eb000000| Complete 
| 177|0x00000000eb100000, 0x00000000eb200000, 0x00000000eb200000|100%| E|CS|TAMS 0x00000000eb100000, 0x00000000eb100000| Complete 
| 178|0x00000000eb200000, 0x00000000eb300000, 0x00000000eb300000|100%| E|CS|TAMS 0x00000000eb200000, 0x00000000eb200000| Complete 
| 179|0x00000000eb300000, 0x00000000eb400000, 0x00000000eb400000|100%| E|CS|TAMS 0x00000000eb300000, 0x00000000eb300000| Complete 
| 180|0x00000000eb400000, 0x00000000eb500000, 0x00000000eb500000|100%| E|CS|TAMS 0x00000000eb400000, 0x00000000eb400000| Complete 
| 181|0x00000000eb500000, 0x00000000eb600000, 0x00000000eb600000|100%| E|CS|TAMS 0x00000000eb500000, 0x00000000eb500000| Complete 
| 182|0x00000000eb600000, 0x00000000eb700000, 0x00000000eb700000|100%| E|CS|TAMS 0x00000000eb600000, 0x00000000eb600000| Complete 
| 183|0x00000000eb700000, 0x00000000eb800000, 0x00000000eb800000|100%| E|CS|TAMS 0x00000000eb700000, 0x00000000eb700000| Complete 
| 184|0x00000000eb800000, 0x00000000eb900000, 0x00000000eb900000|100%| E|CS|TAMS 0x00000000eb800000, 0x00000000eb800000| Complete 
| 185|0x00000000eb900000, 0x00000000eba00000, 0x00000000eba00000|100%| E|CS|TAMS 0x00000000eb900000, 0x00000000eb900000| Complete 
| 186|0x00000000eba00000, 0x00000000ebb00000, 0x00000000ebb00000|100%| E|CS|TAMS 0x00000000eba00000, 0x00000000eba00000| Complete 
| 187|0x00000000ebb00000, 0x00000000ebc00000, 0x00000000ebc00000|100%| E|CS|TAMS 0x00000000ebb00000, 0x00000000ebb00000| Complete 
| 188|0x00000000ebc00000, 0x00000000ebd00000, 0x00000000ebd00000|100%| E|CS|TAMS 0x00000000ebc00000, 0x00000000ebc00000| Complete 
| 189|0x00000000ebd00000, 0x00000000ebe00000, 0x00000000ebe00000|100%| E|CS|TAMS 0x00000000ebd00000, 0x00000000ebd00000| Complete 
| 190|0x00000000ebe00000, 0x00000000ebf00000, 0x00000000ebf00000|100%| E|CS|TAMS 0x00000000ebe00000, 0x00000000ebe00000| Complete 
| 191|0x00000000ebf00000, 0x00000000ec000000, 0x00000000ec000000|100%| E|CS|TAMS 0x00000000ebf00000, 0x00000000ebf00000| Complete 
| 192|0x00000000ec000000, 0x00000000ec100000, 0x00000000ec100000|100%| E|CS|TAMS 0x00000000ec000000, 0x00000000ec000000| Complete 
| 193|0x00000000ec100000, 0x00000000ec200000, 0x00000000ec200000|100%| E|CS|TAMS 0x00000000ec100000, 0x00000000ec100000| Complete 
| 194|0x00000000ec200000, 0x00000000ec300000, 0x00000000ec300000|100%| E|CS|TAMS 0x00000000ec200000, 0x00000000ec200000| Complete 
| 195|0x00000000ec300000, 0x00000000ec400000, 0x00000000ec400000|100%| E|CS|TAMS 0x00000000ec300000, 0x00000000ec300000| Complete 
| 196|0x00000000ec400000, 0x00000000ec500000, 0x00000000ec500000|100%| E|CS|TAMS 0x00000000ec400000, 0x00000000ec400000| Complete 
| 197|0x00000000ec500000, 0x00000000ec600000, 0x00000000ec600000|100%| E|CS|TAMS 0x00000000ec500000, 0x00000000ec500000| Complete 
| 198|0x00000000ec600000, 0x00000000ec700000, 0x00000000ec700000|100%| E|CS|TAMS 0x00000000ec600000, 0x00000000ec600000| Complete 
| 199|0x00000000ec700000, 0x00000000ec800000, 0x00000000ec800000|100%| E|CS|TAMS 0x00000000ec700000, 0x00000000ec700000| Complete 
| 200|0x00000000ec800000, 0x00000000ec900000, 0x00000000ec900000|100%| E|CS|TAMS 0x00000000ec800000, 0x00000000ec800000| Complete 
| 201|0x00000000ec900000, 0x00000000eca00000, 0x00000000eca00000|100%| E|CS|TAMS 0x00000000ec900000, 0x00000000ec900000| Complete 
| 202|0x00000000eca00000, 0x00000000ecb00000, 0x00000000ecb00000|100%| E|CS|TAMS 0x00000000eca00000, 0x00000000eca00000| Complete 
| 203|0x00000000ecb00000, 0x00000000ecc00000, 0x00000000ecc00000|100%| E|CS|TAMS 0x00000000ecb00000, 0x00000000ecb00000| Complete 
| 204|0x00000000ecc00000, 0x00000000ecd00000, 0x00000000ecd00000|100%| E|CS|TAMS 0x00000000ecc00000, 0x00000000ecc00000| Complete 
| 205|0x00000000ecd00000, 0x00000000ece00000, 0x00000000ece00000|100%| E|CS|TAMS 0x00000000ecd00000, 0x00000000ecd00000| Complete 
| 206|0x00000000ece00000, 0x00000000ecf00000, 0x00000000ecf00000|100%| E|CS|TAMS 0x00000000ece00000, 0x00000000ece00000| Complete 
| 207|0x00000000ecf00000, 0x00000000ed000000, 0x00000000ed000000|100%| E|CS|TAMS 0x00000000ecf00000, 0x00000000ecf00000| Complete 
| 208|0x00000000ed000000, 0x00000000ed100000, 0x00000000ed100000|100%| E|CS|TAMS 0x00000000ed000000, 0x00000000ed000000| Complete 
| 209|0x00000000ed100000, 0x00000000ed200000, 0x00000000ed200000|100%| E|CS|TAMS 0x00000000ed100000, 0x00000000ed100000| Complete 
| 210|0x00000000ed200000, 0x00000000ed300000, 0x00000000ed300000|100%| E|CS|TAMS 0x00000000ed200000, 0x00000000ed200000| Complete 
| 211|0x00000000ed300000, 0x00000000ed400000, 0x00000000ed400000|100%| E|CS|TAMS 0x00000000ed300000, 0x00000000ed300000| Complete 
| 212|0x00000000ed400000, 0x00000000ed500000, 0x00000000ed500000|100%| E|CS|TAMS 0x00000000ed400000, 0x00000000ed400000| Complete 
| 213|0x00000000ed500000, 0x00000000ed600000, 0x00000000ed600000|100%| E|CS|TAMS 0x00000000ed500000, 0x00000000ed500000| Complete 
| 214|0x00000000ed600000, 0x00000000ed700000, 0x00000000ed700000|100%| E|CS|TAMS 0x00000000ed600000, 0x00000000ed600000| Complete 
| 215|0x00000000ed700000, 0x00000000ed800000, 0x00000000ed800000|100%| E|CS|TAMS 0x00000000ed700000, 0x00000000ed700000| Complete 
| 216|0x00000000ed800000, 0x00000000ed900000, 0x00000000ed900000|100%| E|CS|TAMS 0x00000000ed800000, 0x00000000ed800000| Complete 
| 217|0x00000000ed900000, 0x00000000eda00000, 0x00000000eda00000|100%| E|CS|TAMS 0x00000000ed900000, 0x00000000ed900000| Complete 
| 218|0x00000000eda00000, 0x00000000edb00000, 0x00000000edb00000|100%| E|CS|TAMS 0x00000000eda00000, 0x00000000eda00000| Complete 
| 219|0x00000000edb00000, 0x00000000edc00000, 0x00000000edc00000|100%| E|CS|TAMS 0x00000000edb00000, 0x00000000edb00000| Complete 
| 220|0x00000000edc00000, 0x00000000edd00000, 0x00000000edd00000|100%| E|CS|TAMS 0x00000000edc00000, 0x00000000edc00000| Complete 
| 221|0x00000000edd00000, 0x00000000ede00000, 0x00000000ede00000|100%| E|CS|TAMS 0x00000000edd00000, 0x00000000edd00000| Complete 
| 222|0x00000000ede00000, 0x00000000ede74bd0, 0x00000000edf00000| 45%| S|CS|TAMS 0x00000000ede00000, 0x00000000ede00000| Complete 
| 223|0x00000000edf00000, 0x00000000ee000000, 0x00000000ee000000|100%| S|CS|TAMS 0x00000000edf00000, 0x00000000edf00000| Complete 
| 224|0x00000000ee000000, 0x00000000ee100000, 0x00000000ee100000|100%| S|CS|TAMS 0x00000000ee000000, 0x00000000ee000000| Complete 
| 225|0x00000000ee100000, 0x00000000ee200000, 0x00000000ee200000|100%| S|CS|TAMS 0x00000000ee100000, 0x00000000ee100000| Complete 
| 226|0x00000000ee200000, 0x00000000ee300000, 0x00000000ee300000|100%| E|CS|TAMS 0x00000000ee200000, 0x00000000ee200000| Complete 
| 227|0x00000000ee300000, 0x00000000ee400000, 0x00000000ee400000|100%| E|CS|TAMS 0x00000000ee300000, 0x00000000ee300000| Complete 
| 228|0x00000000ee400000, 0x00000000ee500000, 0x00000000ee500000|100%| E|CS|TAMS 0x00000000ee400000, 0x00000000ee400000| Complete 
| 229|0x00000000ee500000, 0x00000000ee600000, 0x00000000ee600000|100%| E|CS|TAMS 0x00000000ee500000, 0x00000000ee500000| Complete 
| 230|0x00000000ee600000, 0x00000000ee700000, 0x00000000ee700000|100%| E|CS|TAMS 0x00000000ee600000, 0x00000000ee600000| Complete 
| 231|0x00000000ee700000, 0x00000000ee800000, 0x00000000ee800000|100%| E|CS|TAMS 0x00000000ee700000, 0x00000000ee700000| Complete 
| 232|0x00000000ee800000, 0x00000000ee900000, 0x00000000ee900000|100%| E|CS|TAMS 0x00000000ee800000, 0x00000000ee800000| Complete 
| 233|0x00000000ee900000, 0x00000000eea00000, 0x00000000eea00000|100%| E|CS|TAMS 0x00000000ee900000, 0x00000000ee900000| Complete 
| 234|0x00000000eea00000, 0x00000000eeb00000, 0x00000000eeb00000|100%| E|CS|TAMS 0x00000000eea00000, 0x00000000eea00000| Complete 
| 235|0x00000000eeb00000, 0x00000000eec00000, 0x00000000eec00000|100%| E|CS|TAMS 0x00000000eeb00000, 0x00000000eeb00000| Complete 
| 236|0x00000000eec00000, 0x00000000eed00000, 0x00000000eed00000|100%| E|CS|TAMS 0x00000000eec00000, 0x00000000eec00000| Complete 
| 237|0x00000000eed00000, 0x00000000eee00000, 0x00000000eee00000|100%| E|CS|TAMS 0x00000000eed00000, 0x00000000eed00000| Complete 
| 238|0x00000000eee00000, 0x00000000eef00000, 0x00000000eef00000|100%| E|CS|TAMS 0x00000000eee00000, 0x00000000eee00000| Complete 
| 239|0x00000000eef00000, 0x00000000ef000000, 0x00000000ef000000|100%| E|CS|TAMS 0x00000000eef00000, 0x00000000eef00000| Complete 
| 240|0x00000000ef000000, 0x00000000ef100000, 0x00000000ef100000|100%| E|CS|TAMS 0x00000000ef000000, 0x00000000ef000000| Complete 
| 241|0x00000000ef100000, 0x00000000ef200000, 0x00000000ef200000|100%| E|CS|TAMS 0x00000000ef100000, 0x00000000ef100000| Complete 
| 242|0x00000000ef200000, 0x00000000ef300000, 0x00000000ef300000|100%| E|CS|TAMS 0x00000000ef200000, 0x00000000ef200000| Complete 
| 243|0x00000000ef300000, 0x00000000ef400000, 0x00000000ef400000|100%| E|CS|TAMS 0x00000000ef300000, 0x00000000ef300000| Complete 
| 244|0x00000000ef400000, 0x00000000ef500000, 0x00000000ef500000|100%| E|CS|TAMS 0x00000000ef400000, 0x00000000ef400000| Complete 
| 245|0x00000000ef500000, 0x00000000ef600000, 0x00000000ef600000|100%| E|CS|TAMS 0x00000000ef500000, 0x00000000ef500000| Complete 
| 246|0x00000000ef600000, 0x00000000ef700000, 0x00000000ef700000|100%| E|CS|TAMS 0x00000000ef600000, 0x00000000ef600000| Complete 
| 247|0x00000000ef700000, 0x00000000ef800000, 0x00000000ef800000|100%| E|CS|TAMS 0x00000000ef700000, 0x00000000ef700000| Complete 
| 248|0x00000000ef800000, 0x00000000ef900000, 0x00000000ef900000|100%| E|CS|TAMS 0x00000000ef800000, 0x00000000ef800000| Complete 
| 249|0x00000000ef900000, 0x00000000efa00000, 0x00000000efa00000|100%| E|CS|TAMS 0x00000000ef900000, 0x00000000ef900000| Complete 
| 250|0x00000000efa00000, 0x00000000efb00000, 0x00000000efb00000|100%| E|CS|TAMS 0x00000000efa00000, 0x00000000efa00000| Complete 
| 251|0x00000000efb00000, 0x00000000efc00000, 0x00000000efc00000|100%| E|CS|TAMS 0x00000000efb00000, 0x00000000efb00000| Complete 
| 252|0x00000000efc00000, 0x00000000efd00000, 0x00000000efd00000|100%| E|CS|TAMS 0x00000000efc00000, 0x00000000efc00000| Complete 
| 253|0x00000000efd00000, 0x00000000efe00000, 0x00000000efe00000|100%| E|CS|TAMS 0x00000000efd00000, 0x00000000efd00000| Complete 
| 254|0x00000000efe00000, 0x00000000eff00000, 0x00000000eff00000|100%| E|CS|TAMS 0x00000000efe00000, 0x00000000efe00000| Complete 
| 255|0x00000000eff00000, 0x00000000f0000000, 0x00000000f0000000|100%| E|CS|TAMS 0x00000000eff00000, 0x00000000eff00000| Complete 

Card table byte_map: [0x00000286328b0000,0x00000286329b0000] _byte_map_base: 0x00000286321b0000

Marking Bits (Prev, Next): (CMBitMap*) 0x000002861ba6c640, (CMBitMap*) 0x000002861ba6c680
 Prev Bits: [0x0000028632ab0000, 0x00000286332b0000)
 Next Bits: [0x00000286332b0000, 0x0000028633ab0000)

Polling page: 0x0000028619870000

Metaspace:

Usage:
  Non-class:     14.99 MB used.
      Class:      2.58 MB used.
       Both:     17.57 MB used.

Virtual space:
  Non-class space:       64.00 MB reserved,      15.12 MB ( 24%) committed,  1 nodes.
      Class space:      208.00 MB reserved,       2.75 MB (  1%) committed,  1 nodes.
             Both:      272.00 MB reserved,      17.88 MB (  7%) committed. 

Chunk freelists:
   Non-Class:  400.00 KB
       Class:  13.28 MB
        Both:  13.67 MB

MaxMetaspaceSize: 256.00 MB
CompressedClassSpaceSize: 208.00 MB
Initial GC threshold: 21.00 MB
Current GC threshold: 21.00 MB
CDS: on
MetaspaceReclaimPolicy: balanced
 - commit_granule_bytes: 65536.
 - commit_granule_words: 8192.
 - virtual_space_node_default_size: 8388608.
 - enlarge_chunks_in_place: 1.
 - new_chunks_are_fully_committed: 0.
 - uncommit_free_chunks: 1.
 - use_allocation_guard: 0.
 - handle_deallocations: 1.


Internal statistics:

num_allocs_failed_limit: 0.
num_arena_births: 206.
num_arena_deaths: 0.
num_vsnodes_births: 2.
num_vsnodes_deaths: 0.
num_space_committed: 286.
num_space_uncommitted: 0.
num_chunks_returned_to_freelist: 0.
num_chunks_taken_from_freelist: 800.
num_chunk_merges: 0.
num_chunk_splits: 538.
num_chunks_enlarged: 413.
num_inconsistent_stats: 0.

CodeHeap 'non-profiled nmethods': size=120000Kb used=1304Kb max_used=1304Kb free=118695Kb
 bounds [0x000002862b060000, 0x000002862b2d0000, 0x0000028632590000]
CodeHeap 'profiled nmethods': size=120000Kb used=5056Kb max_used=5056Kb free=114943Kb
 bounds [0x0000028623590000, 0x0000028623a90000, 0x000002862aac0000]
CodeHeap 'non-nmethods': size=5760Kb used=1237Kb max_used=1282Kb free=4523Kb
 bounds [0x000002862aac0000, 0x000002862ad30000, 0x000002862b060000]
 total_blobs=2994 nmethods=2457 adapters=449
 compilation: enabled
              stopped_count=0, restarted_count=0
 full_count=0

Compilation events (20 events):
Event: 11.757 Thread 0x0000028636505340 nmethod 2447 0x0000028623a77210 code [0x0000028623a773c0, 0x0000028623a77558]
Event: 11.760 Thread 0x0000028636505340 2448       3       java.io.ByteArrayOutputStream::<init> (43 bytes)
Event: 11.761 Thread 0x0000028636505340 nmethod 2448 0x0000028623a77690 code [0x0000028623a778e0, 0x0000028623a780f8]
Event: 11.818 Thread 0x0000028636505340 2449       3       java.lang.invoke.TypeConvertingMethodAdapter::convertType (299 bytes)
Event: 11.823 Thread 0x0000028636505340 nmethod 2449 0x0000028623a78410 code [0x0000028623a78a40, 0x0000028623a7bf28]
Event: 11.824 Thread 0x0000028636505340 2450       3       java.lang.Module::isExported (18 bytes)
Event: 11.824 Thread 0x0000028636505340 nmethod 2450 0x0000028623a7d090 code [0x0000028623a7d280, 0x0000028623a7d688]
Event: 11.837 Thread 0x0000028636505340 2452       3       java.net.URLConnection::<init> (62 bytes)
Event: 11.838 Thread 0x0000028636505340 nmethod 2452 0x0000028623a7d810 code [0x0000028623a7da40, 0x0000028623a7e108]
Event: 11.838 Thread 0x0000028636505340 2453       3       java.net.URLConnection::getDefaultUseCaches (30 bytes)
Event: 11.839 Thread 0x0000028636505340 nmethod 2453 0x0000028623a7e310 code [0x0000028623a7e500, 0x0000028623a7e9c8]
Event: 11.878 Thread 0x0000028636505340 2454       3       jdk.internal.org.objectweb.asm.Frame::addInitializedType (77 bytes)
Event: 11.879 Thread 0x00000286364f7510 2455       4       java.util.ArrayList::<init> (12 bytes)
Event: 11.879 Thread 0x0000028636505340 nmethod 2454 0x0000028623a7eb90 code [0x0000028623a7ed60, 0x0000028623a7f288]
Event: 11.881 Thread 0x00000286364f7510 nmethod 2455 0x000002862b1a5f90 code [0x000002862b1a6120, 0x000002862b1a6258]
Event: 11.881 Thread 0x0000028636505340 2456       3       jdk.internal.loader.AbstractClassLoaderValue$Sub::equals (55 bytes)
Event: 11.881 Thread 0x0000028636505340 nmethod 2456 0x0000028623a7f410 code [0x0000028623a7f600, 0x0000028623a7fd38]
Event: 11.883 Thread 0x0000028636505340 2457       3       java.lang.reflect.Constructor::getRoot (5 bytes)
Event: 11.883 Thread 0x0000028636505340 nmethod 2457 0x0000028623a7fe90 code [0x0000028623a80020, 0x0000028623a80138]
Event: 11.945 Thread 0x0000028636505340 2458   !   3       jdk.internal.reflect.NativeMethodAccessorImpl::invoke (137 bytes)

GC Heap History (4 events):
Event: 3.079 GC heap before
{Heap before GC invocations=0 (full 0):
 garbage-first heap   total 262144K, used 25600K [0x00000000e0000000, 0x0000000100000000)
  region size 1024K, 23 young (23552K), 0 survivors (0K)
 Metaspace       used 3017K, committed 3200K, reserved 278528K
  class space    used 379K, committed 448K, reserved 212992K
}
Event: 3.127 GC heap after
{Heap after GC invocations=1 (full 0):
 garbage-first heap   total 262144K, used 9002K [0x00000000e0000000, 0x0000000100000000)
  region size 1024K, 3 young (3072K), 3 survivors (3072K)
 Metaspace       used 3017K, committed 3200K, reserved 278528K
  class space    used 379K, committed 448K, reserved 212992K
}
Event: 5.324 GC heap before
{Heap before GC invocations=1 (full 0):
 garbage-first heap   total 262144K, used 36650K [0x00000000e0000000, 0x0000000100000000)
  region size 1024K, 30 young (30720K), 3 survivors (3072K)
 Metaspace       used 3925K, committed 4096K, reserved 278528K
  class space    used 474K, committed 576K, reserved 212992K
}
Event: 5.331 GC heap after
{Heap after GC invocations=2 (full 0):
 garbage-first heap   total 262144K, used 12918K [0x00000000e0000000, 0x0000000100000000)
  region size 1024K, 4 young (4096K), 4 survivors (4096K)
 Metaspace       used 3925K, committed 4096K, reserved 278528K
  class space    used 474K, committed 576K, reserved 212992K
}

Dll operation events (13 events):
Event: 0.017 Loaded shared library C:\Program Files\Eclipse Adoptium\jdk-17.0.16.8-hotspot\bin\java.dll
Event: 0.051 Loaded shared library C:\Program Files\Eclipse Adoptium\jdk-17.0.16.8-hotspot\bin\jsvml.dll
Event: 0.126 Loaded shared library C:\Program Files\Eclipse Adoptium\jdk-17.0.16.8-hotspot\bin\net.dll
Event: 0.130 Loaded shared library C:\Program Files\Eclipse Adoptium\jdk-17.0.16.8-hotspot\bin\nio.dll
Event: 0.138 Loaded shared library C:\Program Files\Eclipse Adoptium\jdk-17.0.16.8-hotspot\bin\zip.dll
Event: 0.726 Loaded shared library C:\Program Files\Eclipse Adoptium\jdk-17.0.16.8-hotspot\bin\jimage.dll
Event: 1.038 Loaded shared library C:\Program Files\Eclipse Adoptium\jdk-17.0.16.8-hotspot\bin\verify.dll
Event: 2.407 Loaded shared library C:\Users\lssb2\.gradle\native\68d5fa5c4cc2d200863cafc0d521ce42e7d3e7ee720ec0a83991735586a16f82\windows-amd64\native-platform.dll
Event: 2.459 Loaded shared library C:\Users\lssb2\.gradle\native\e376f236ea51e6404a007f0833ffe2c6e607c4080706a723a18a27aeea778392\windows-amd64\native-platform-file-events.dll
Event: 6.415 Loaded shared library C:\Program Files\Eclipse Adoptium\jdk-17.0.16.8-hotspot\bin\management.dll
Event: 6.423 Loaded shared library C:\Program Files\Eclipse Adoptium\jdk-17.0.16.8-hotspot\bin\management_ext.dll
Event: 7.142 Loaded shared library C:\Program Files\Eclipse Adoptium\jdk-17.0.16.8-hotspot\bin\extnet.dll
Event: 8.267 Loaded shared library C:\Program Files\Eclipse Adoptium\jdk-17.0.16.8-hotspot\bin\sunmscapi.dll

Deoptimization events (20 events):
Event: 9.742 Thread 0x000002864ad31070 Uncommon trap: trap_request=0xffffff45 fr.pc=0x000002862b0974f8 relative=0x00000000000000d8
Event: 9.742 Thread 0x000002864ad31070 Uncommon trap: reason=unstable_if action=reinterpret pc=0x000002862b0974f8 method=java.util.HashMap.hash(Ljava/lang/Object;)I @ 1 c2
Event: 9.742 Thread 0x000002864ad31070 DEOPT PACKING pc=0x000002862b0974f8 sp=0x000000f5c1afb740
Event: 9.742 Thread 0x000002864ad31070 DEOPT UNPACKING pc=0x000002862ab1a1a3 sp=0x000000f5c1afb680 mode 2
Event: 10.663 Thread 0x000002864ad31070 Uncommon trap: trap_request=0xffffff45 fr.pc=0x000002862b186d14 relative=0x0000000000000414
Event: 10.663 Thread 0x000002864ad31070 Uncommon trap: reason=unstable_if action=reinterpret pc=0x000002862b186d14 method=java.util.HashMap.getNode(Ljava/lang/Object;)Ljava/util/HashMap$Node; @ 66 c2
Event: 10.663 Thread 0x000002864ad31070 DEOPT PACKING pc=0x000002862b186d14 sp=0x000000f5c1afadc0
Event: 10.663 Thread 0x000002864ad31070 DEOPT UNPACKING pc=0x000002862ab1a1a3 sp=0x000000f5c1afad10 mode 2
Event: 10.663 Thread 0x000002864ad31070 Uncommon trap: trap_request=0xffffffc6 fr.pc=0x000002862b15893c relative=0x000000000000107c
Event: 10.663 Thread 0x000002864ad31070 Uncommon trap: reason=bimorphic_or_optimized_type_check action=maybe_recompile pc=0x000002862b15893c method=java.util.HashMap.putVal(ILjava/lang/Object;Ljava/lang/Object;ZZ)Ljava/lang/Object; @ 91 c2
Event: 10.663 Thread 0x000002864ad31070 DEOPT PACKING pc=0x000002862b15893c sp=0x000000f5c1afad10
Event: 10.664 Thread 0x000002864ad31070 DEOPT UNPACKING pc=0x000002862ab1a1a3 sp=0x000000f5c1afacb0 mode 2
Event: 10.664 Thread 0x000002864ad31070 Uncommon trap: trap_request=0xffffffc6 fr.pc=0x000002862b15893c relative=0x000000000000107c
Event: 10.664 Thread 0x000002864ad31070 Uncommon trap: reason=bimorphic_or_optimized_type_check action=maybe_recompile pc=0x000002862b15893c method=java.util.HashMap.putVal(ILjava/lang/Object;Ljava/lang/Object;ZZ)Ljava/lang/Object; @ 91 c2
Event: 10.664 Thread 0x000002864ad31070 DEOPT PACKING pc=0x000002862b15893c sp=0x000000f5c1afad10
Event: 10.664 Thread 0x000002864ad31070 DEOPT UNPACKING pc=0x000002862ab1a1a3 sp=0x000000f5c1afacb0 mode 2
Event: 10.745 Thread 0x000002864ad31070 Uncommon trap: trap_request=0xffffff45 fr.pc=0x000002862b1296d0 relative=0x0000000000000230
Event: 10.745 Thread 0x000002864ad31070 Uncommon trap: reason=unstable_if action=reinterpret pc=0x000002862b1296d0 method=java.util.concurrent.ConcurrentHashMap.get(Ljava/lang/Object;)Ljava/lang/Object; @ 76 c2
Event: 10.745 Thread 0x000002864ad31070 DEOPT PACKING pc=0x000002862b1296d0 sp=0x000000f5c1afa2a0
Event: 10.745 Thread 0x000002864ad31070 DEOPT UNPACKING pc=0x000002862ab1a1a3 sp=0x000000f5c1afa208 mode 2

Classes loaded (20 events):
Event: 10.762 Loading class java/util/stream/MatchOps$BooleanTerminalSink
Event: 10.762 Loading class java/util/stream/MatchOps$BooleanTerminalSink done
Event: 10.763 Loading class java/util/stream/MatchOps$1MatchSink
Event: 10.763 Loading class java/util/stream/MatchOps$1MatchSink done
Event: 11.005 Loading class java/util/ConcurrentModificationException
Event: 11.005 Loading class java/util/ConcurrentModificationException done
Event: 11.361 Loading class java/util/concurrent/atomic/AtomicReferenceFieldUpdater
Event: 11.363 Loading class java/util/concurrent/atomic/AtomicReferenceFieldUpdater done
Event: 11.363 Loading class java/util/concurrent/atomic/AtomicReferenceFieldUpdater$AtomicReferenceFieldUpdaterImpl
Event: 11.363 Loading class java/util/concurrent/atomic/AtomicReferenceFieldUpdater$AtomicReferenceFieldUpdaterImpl done
Event: 11.364 Loading class java/util/concurrent/atomic/AtomicReferenceFieldUpdater$AtomicReferenceFieldUpdaterImpl$1
Event: 11.364 Loading class java/util/concurrent/atomic/AtomicReferenceFieldUpdater$AtomicReferenceFieldUpdaterImpl$1 done
Event: 11.364 Loading class sun/reflect/misc/ReflectUtil
Event: 11.364 Loading class sun/reflect/misc/ReflectUtil done
Event: 11.623 Loading class java/util/DualPivotQuicksort
Event: 11.624 Loading class java/util/DualPivotQuicksort done
Event: 11.811 Loading class java/lang/annotation/IncompleteAnnotationException
Event: 11.814 Loading class java/lang/annotation/IncompleteAnnotationException done
Event: 11.934 Loading class java/util/function/UnaryOperator
Event: 11.936 Loading class java/util/function/UnaryOperator done

Classes unloaded (0 events):
No events

Classes redefined (0 events):
No events

Internal exceptions (20 events):
Event: 9.625 Thread 0x000002864ad31070 Exception <a 'java/lang/NoSuchMethodError'{0x00000000ecc92120}: 'java.lang.Object java.lang.invoke.DirectMethodHandle$Holder.invokeInterface(java.lang.Object, java.lang.Object, java.lang.Object)'> (0x00000000ecc92120) 
thrown [s\src\hotspot\share\interpreter\linkResolver.cpp, line 759]
Event: 9.626 Thread 0x000002864ad31070 Exception <a 'java/lang/IncompatibleClassChangeError'{0x00000000ecc95ff8}: Found class java.lang.Object, but interface was expected> (0x00000000ecc95ff8) 
thrown [s\src\hotspot\share\interpreter\linkResolver.cpp, line 826]
Event: 9.742 Thread 0x000002864ad31070 Implicit null exception at 0x000002862b097458 to 0x000002862b0974ee
Event: 9.797 Thread 0x000002864ad31070 Exception <a 'java/lang/NoSuchMethodError'{0x00000000ec943698}: 'int java.lang.invoke.DirectMethodHandle$Holder.invokeStatic(java.lang.Object, java.lang.Object, java.lang.Object, java.lang.Object)'> (0x00000000ec943698) 
thrown [s\src\hotspot\share\interpreter\linkResolver.cpp, line 759]
Event: 9.798 Thread 0x000002864ad31070 Exception <a 'java/lang/NoSuchMethodError'{0x00000000ec947568}: 'java.lang.Object java.lang.invoke.Invokers$Holder.invokeExact_MT(java.lang.Object, java.lang.Object, java.lang.Object, java.lang.Object, java.lang.Object, java.lang.Object)'> (0x00000000ec947568) 
thrown [s\src\hotspot\share\interpreter\linkResolver.cpp, line 759]
Event: 9.835 Thread 0x000002864ad31070 Exception <a 'java/lang/NoSuchMethodError'{0x00000000ec9f41d8}: 'java.lang.Object java.lang.invoke.DirectMethodHandle$Holder.invokeInterface(java.lang.Object, java.lang.Object)'> (0x00000000ec9f41d8) 
thrown [s\src\hotspot\share\interpreter\linkResolver.cpp, line 759]
Event: 9.922 Thread 0x000002864ad31070 Exception <a 'java/lang/NoSuchMethodError'{0x00000000ec7a3540}: 'void java.lang.invoke.DirectMethodHandle$Holder.invokeSpecial(java.lang.Object, java.lang.Object, java.lang.Object, java.lang.Object, java.lang.Object)'> (0x00000000ec7a3540) 
thrown [s\src\hotspot\share\interpreter\linkResolver.cpp, line 759]
Event: 10.017 Thread 0x000002864ad31070 Exception <a 'java/lang/NoSuchMethodError'{0x00000000ec51e440}: 'java.lang.Object java.lang.invoke.DirectMethodHandle$Holder.invokeSpecial(java.lang.Object, java.lang.Object, java.lang.Object, java.lang.Object, java.lang.Object, java.lang.Object, java.lang.Object, java.lang.Object, java.lang.Object)'> (0x00000000ec51e440) 
thrown [s\src\hotspot\share\interpreter\linkResolver.cpp, line 759]
Event: 10.530 Thread 0x000002864ad31070 Exception <a 'java/lang/NoSuchMethodError'{0x00000000ec1e8520}: 'void java.lang.invoke.DirectMethodHandle$Holder.invokeStatic(java.lang.Object, java.lang.Object)'> (0x00000000ec1e8520) 
thrown [s\src\hotspot\share\interpreter\linkResolver.cpp, line 759]
Event: 10.547 Thread 0x000002864ad31070 Exception <a 'java/lang/NoSuchMethodError'{0x00000000ec032708}: 'java.lang.Object java.lang.invoke.DirectMethodHandle$Holder.invokeVirtual(java.lang.Object, java.lang.Object, java.lang.Object, java.lang.Object)'> (0x00000000ec032708) 
thrown [s\src\hotspot\share\interpreter\linkResolver.cpp, line 759]
Event: 10.692 Thread 0x000002864ad31070 Exception <a 'java/lang/NoSuchMethodError'{0x00000000ebe89b18}: 'java.lang.Object java.lang.invoke.DirectMethodHandle$Holder.newInvokeSpecial(java.lang.Object, java.lang.Object, java.lang.Object, java.lang.Object, java.lang.Object)'> (0x00000000ebe89b18) 
thrown [s\src\hotspot\share\interpreter\linkResolver.cpp, line 759]
Event: 10.920 Thread 0x000002864ad31070 Exception <a 'java/lang/NoSuchMethodError'{0x00000000ebc960b0}: 'void java.lang.invoke.DirectMethodHandle$Holder.invokeSpecial(java.lang.Object, java.lang.Object, java.lang.Object, java.lang.Object, java.lang.Object, java.lang.Object)'> (0x00000000ebc960b0) 
thrown [s\src\hotspot\share\interpreter\linkResolver.cpp, line 759]
Event: 10.943 Thread 0x000002864ad31070 Exception <a 'java/lang/NoSuchMethodError'{0x00000000ebcd0d88}: 'java.lang.Object java.lang.invoke.DirectMethodHandle$Holder.newInvokeSpecial(java.lang.Object, java.lang.Object, java.lang.Object, java.lang.Object, java.lang.Object, java.lang.Object, java.lang.Object)'> (0x00000000ebcd0d88) 
thrown [s\src\hotspot\share\interpreter\linkResolver.cpp, line 759]
Event: 10.944 Thread 0x000002864ad31070 Exception <a 'java/lang/NoSuchMethodError'{0x00000000ebcd5a58}: 'java.lang.Object java.lang.invoke.Invokers$Holder.linkToTargetMethod(java.lang.Object, java.lang.Object, java.lang.Object, java.lang.Object, java.lang.Object, java.lang.Object, java.lang.Object)'> (0x00000000ebcd5a58) 
thrown [s\src\hotspot\share\interpreter\linkResolver.cpp, line 759]
Event: 11.024 Thread 0x000002864ad31070 Exception <a 'java/lang/NoSuchMethodError'{0x00000000ebb976c8}: 'void java.lang.invoke.DirectMethodHandle$Holder.invokeSpecial(java.lang.Object, java.lang.Object, java.lang.Object, java.lang.Object, java.lang.Object, java.lang.Object, java.lang.Object)'> (0x00000000ebb976c8) 
thrown [s\src\hotspot\share\interpreter\linkResolver.cpp, line 759]
Event: 11.126 Thread 0x000002864ad31070 Exception <a 'java/lang/NoSuchMethodError'{0x00000000eb9342a8}: 'java.lang.Object java.lang.invoke.DirectMethodHandle$Holder.invokeVirtual(java.lang.Object, java.lang.Object, java.lang.Object, java.lang.Object, java.lang.Object, java.lang.Object, java.lang.Object, java.lang.Object, java.lang.Object, java.lang.Object, java.lang.Object, java.lang.Object, java.lang.Object, java.lang.Object, java.lang.Object, java.lang.Object, java.lang.Object, java.lang.Object, java.lang.Object, java.lang.Object, java.lang.Ob
Event: 11.392 Thread 0x000002864ad31070 Exception <a 'java/lang/NoSuchMethodError'{0x00000000eb548de8}: 'int java.lang.invoke.DirectMethodHandle$Holder.invokeStaticInit(java.lang.Object, java.lang.Object, java.lang.Object)'> (0x00000000eb548de8) 
thrown [s\src\hotspot\share\interpreter\linkResolver.cpp, line 759]
Event: 11.703 Thread 0x000002864ad31070 Exception <a 'java/lang/NoSuchMethodError'{0x00000000eb14d650}: 'void java.lang.invoke.DirectMethodHandle$Holder.invokeStaticInit(java.lang.Object, java.lang.Object)'> (0x00000000eb14d650) 
thrown [s\src\hotspot\share\interpreter\linkResolver.cpp, line 759]
Event: 11.819 Thread 0x000002864ad31070 Exception <a 'java/lang/NoSuchMethodError'{0x00000000eb07b4f0}: 'java.lang.Object java.lang.invoke.DirectMethodHandle$Holder.invokeStaticInit(java.lang.Object, java.lang.Object, java.lang.Object)'> (0x00000000eb07b4f0) 
thrown [s\src\hotspot\share\interpreter\linkResolver.cpp, line 759]
Event: 11.826 Thread 0x000002864ad31070 Exception <a 'java/lang/NoSuchMethodError'{0x00000000eb085880}: 'void java.lang.invoke.DirectMethodHandle$Holder.invokeStatic(java.lang.Object, java.lang.Object, java.lang.Object, java.lang.Object, java.lang.Object, java.lang.Object)'> (0x00000000eb085880) 
thrown [s\src\hotspot\share\interpreter\linkResolver.cpp, line 759]

VM Operations (20 events):
Event: 8.069 Executing VM operation: HandshakeAllThreads
Event: 8.070 Executing VM operation: HandshakeAllThreads done
Event: 8.070 Executing VM operation: Cleanup
Event: 8.070 Executing VM operation: Cleanup done
Event: 8.203 Executing VM operation: HandshakeAllThreads
Event: 8.203 Executing VM operation: HandshakeAllThreads done
Event: 9.215 Executing VM operation: Cleanup
Event: 9.215 Executing VM operation: Cleanup done
Event: 9.232 Executing VM operation: HandshakeAllThreads
Event: 9.232 Executing VM operation: HandshakeAllThreads done
Event: 9.233 Executing VM operation: HandshakeAllThreads
Event: 9.233 Executing VM operation: HandshakeAllThreads done
Event: 9.310 Executing VM operation: HandshakeAllThreads
Event: 9.310 Executing VM operation: HandshakeAllThreads done
Event: 9.311 Executing VM operation: HandshakeAllThreads
Event: 9.311 Executing VM operation: HandshakeAllThreads done
Event: 10.322 Executing VM operation: Cleanup
Event: 10.338 Executing VM operation: Cleanup done
Event: 11.347 Executing VM operation: Cleanup
Event: 11.347 Executing VM operation: Cleanup done

Memory protections (0 events):
No events

Nmethod flushes (0 events):
No events

Events (20 events):
Event: 2.556 Thread 0x00000286490c58a0 Thread exited: 0x00000286490c58a0
Event: 4.262 Thread 0x0000028636505340 Thread added: 0x0000028649beb820
Event: 4.414 Thread 0x0000028649beb820 Thread exited: 0x0000028649beb820
Event: 5.132 Thread 0x0000028636505340 Thread added: 0x000002864a07a240
Event: 5.401 Thread 0x000002864a07a240 Thread exited: 0x000002864a07a240
Event: 5.550 Thread 0x0000028636505340 Thread added: 0x0000028649be96a0
Event: 6.523 Thread 0x000002861ba3a920 Thread added: 0x000002864acb43d0
Event: 6.532 Thread 0x0000028649be96a0 Thread exited: 0x0000028649be96a0
Event: 8.013 Thread 0x000002861ba3a920 Thread added: 0x000002864acc6ff0
Event: 8.161 Thread 0x000002861ba3a920 Thread added: 0x000002864a767060
Event: 8.307 Thread 0x000002864acc6ff0 Thread added: 0x000002864aceaf10
Event: 8.315 Thread 0x000002864aceaf10 Thread added: 0x00000286368e84a0
Event: 8.378 Thread 0x000002864aceaf10 Thread added: 0x000002864ad324b0
Event: 8.391 Thread 0x000002864aceaf10 Thread added: 0x000002864ad31070
Event: 8.414 Thread 0x000002864ad31070 Thread added: 0x000002864ad329c0
Event: 8.421 Thread 0x000002864ad31070 Thread added: 0x000002864ad31580
Event: 8.445 Thread 0x000002864ad31070 Thread added: 0x000002864ad31a90
Event: 8.854 Thread 0x000002864ad31070 Thread added: 0x000002864accaf00
Event: 8.928 Thread 0x000002864ad31070 Thread added: 0x000002864acca4e0
Event: 9.568 Thread 0x000002864ad31070 Thread added: 0x000002864acca9f0


Dynamic libraries:
0x00007ff692860000 - 0x00007ff69286e000 	C:\Program Files\Eclipse Adoptium\jdk-17.0.16.8-hotspot\bin\java.exe
0x00007ffa71760000 - 0x00007ffa719c7000 	C:\WINDOWS\SYSTEM32\ntdll.dll
0x00007ffa704c0000 - 0x00007ffa70589000 	C:\WINDOWS\System32\KERNEL32.DLL
0x00007ffa6e920000 - 0x00007ffa6ed10000 	C:\WINDOWS\System32\KERNELBASE.dll
0x00007ffa6f040000 - 0x00007ffa6f18b000 	C:\WINDOWS\System32\ucrtbase.dll
0x00007ffa3f430000 - 0x00007ffa3f447000 	C:\Program Files\Eclipse Adoptium\jdk-17.0.16.8-hotspot\bin\jli.dll
0x00007ffa3f410000 - 0x00007ffa3f42e000 	C:\Program Files\Eclipse Adoptium\jdk-17.0.16.8-hotspot\bin\VCRUNTIME140.dll
0x00007ffa6f5d0000 - 0x00007ffa6f795000 	C:\WINDOWS\System32\USER32.dll
0x00007ffa546f0000 - 0x00007ffa5498a000 	C:\WINDOWS\WinSxS\amd64_microsoft.windows.common-controls_6595b64144ccf1df_6.0.26100.4768_none_3e0c112ce331287c\COMCTL32.dll
0x00007ffa6eea0000 - 0x00007ffa6eec7000 	C:\WINDOWS\System32\win32u.dll
0x00007ffa70df0000 - 0x00007ffa70e1b000 	C:\WINDOWS\System32\GDI32.dll
0x00007ffa70640000 - 0x00007ffa706e9000 	C:\WINDOWS\System32\msvcrt.dll
0x00007ffa6f230000 - 0x00007ffa6f368000 	C:\WINDOWS\System32\gdi32full.dll
0x00007ffa6ef90000 - 0x00007ffa6f033000 	C:\WINDOWS\System32\msvcp_win.dll
0x00007ffa702a0000 - 0x00007ffa702cf000 	C:\WINDOWS\System32\IMM32.DLL
0x00007ffa65d10000 - 0x00007ffa65d1c000 	C:\Program Files\Eclipse Adoptium\jdk-17.0.16.8-hotspot\bin\vcruntime140_1.dll
0x00007ffa14980000 - 0x00007ffa14a0d000 	C:\Program Files\Eclipse Adoptium\jdk-17.0.16.8-hotspot\bin\msvcp140.dll
0x00007ff99cce0000 - 0x00007ff99d94b000 	C:\Program Files\Eclipse Adoptium\jdk-17.0.16.8-hotspot\bin\server\jvm.dll
0x00007ffa714e0000 - 0x00007ffa71594000 	C:\WINDOWS\System32\ADVAPI32.dll
0x00007ffa70b80000 - 0x00007ffa70c26000 	C:\WINDOWS\System32\sechost.dll
0x00007ffa71250000 - 0x00007ffa71368000 	C:\WINDOWS\System32\RPCRT4.dll
0x00007ffa702e0000 - 0x00007ffa70354000 	C:\WINDOWS\System32\WS2_32.dll
0x00007ffa6e6f0000 - 0x00007ffa6e74e000 	C:\WINDOWS\SYSTEM32\POWRPROF.dll
0x00007ffa68b20000 - 0x00007ffa68b55000 	C:\WINDOWS\SYSTEM32\WINMM.dll
0x00007ffa5af60000 - 0x00007ffa5af6b000 	C:\WINDOWS\SYSTEM32\VERSION.dll
0x00007ffa6e6d0000 - 0x00007ffa6e6e4000 	C:\WINDOWS\SYSTEM32\UMPDC.dll
0x00007ffa6d610000 - 0x00007ffa6d62b000 	C:\WINDOWS\SYSTEM32\kernel.appcore.dll
0x00007ffa5d850000 - 0x00007ffa5d85a000 	C:\Program Files\Eclipse Adoptium\jdk-17.0.16.8-hotspot\bin\jimage.dll
0x00007ffa6c040000 - 0x00007ffa6c281000 	C:\WINDOWS\SYSTEM32\DBGHELP.DLL
0x00007ffa70e20000 - 0x00007ffa711a5000 	C:\WINDOWS\System32\combase.dll
0x00007ffa70360000 - 0x00007ffa70440000 	C:\WINDOWS\System32\OLEAUT32.dll
0x00007ffa68ad0000 - 0x00007ffa68b13000 	C:\WINDOWS\SYSTEM32\dbgcore.DLL
0x00007ffa6f190000 - 0x00007ffa6f229000 	C:\WINDOWS\System32\bcryptPrimitives.dll
0x00007ffa3a7e0000 - 0x00007ffa3a805000 	C:\Program Files\Eclipse Adoptium\jdk-17.0.16.8-hotspot\bin\java.dll
0x00007ffa082a0000 - 0x00007ffa08377000 	C:\Program Files\Eclipse Adoptium\jdk-17.0.16.8-hotspot\bin\jsvml.dll
0x00007ffa6f960000 - 0x00007ffa700ad000 	C:\WINDOWS\System32\SHELL32.dll
0x00007ffa6ed20000 - 0x00007ffa6ee93000 	C:\WINDOWS\System32\wintypes.dll
0x00007ffa6c440000 - 0x00007ffa6cca0000 	C:\WINDOWS\SYSTEM32\windows.storage.dll
0x00007ffa70c30000 - 0x00007ffa70d25000 	C:\WINDOWS\System32\SHCORE.dll
0x00007ffa70450000 - 0x00007ffa704ba000 	C:\WINDOWS\System32\shlwapi.dll
0x00007ffa6e7b0000 - 0x00007ffa6e7d9000 	C:\WINDOWS\SYSTEM32\profapi.dll
0x00007ffa3a7c0000 - 0x00007ffa3a7d9000 	C:\Program Files\Eclipse Adoptium\jdk-17.0.16.8-hotspot\bin\net.dll
0x00007ffa5f560000 - 0x00007ffa5f67e000 	C:\WINDOWS\SYSTEM32\WINHTTP.dll
0x00007ffa6dba0000 - 0x00007ffa6dc0b000 	C:\WINDOWS\system32\mswsock.dll
0x00007ffa14960000 - 0x00007ffa14976000 	C:\Program Files\Eclipse Adoptium\jdk-17.0.16.8-hotspot\bin\nio.dll
0x00007ffa14940000 - 0x00007ffa14958000 	C:\Program Files\Eclipse Adoptium\jdk-17.0.16.8-hotspot\bin\zip.dll
0x00007ffa55390000 - 0x00007ffa553a0000 	C:\Program Files\Eclipse Adoptium\jdk-17.0.16.8-hotspot\bin\verify.dll
0x00007ffa14860000 - 0x00007ffa14887000 	C:\Users\lssb2\.gradle\native\68d5fa5c4cc2d200863cafc0d521ce42e7d3e7ee720ec0a83991735586a16f82\windows-amd64\native-platform.dll
0x00007ff9e6520000 - 0x00007ff9e6664000 	C:\Users\lssb2\.gradle\native\e376f236ea51e6404a007f0833ffe2c6e607c4080706a723a18a27aeea778392\windows-amd64\native-platform-file-events.dll
0x00007ffa13ff0000 - 0x00007ffa13ffa000 	C:\Program Files\Eclipse Adoptium\jdk-17.0.16.8-hotspot\bin\management.dll
0x00007ffa13fe0000 - 0x00007ffa13feb000 	C:\Program Files\Eclipse Adoptium\jdk-17.0.16.8-hotspot\bin\management_ext.dll
0x00007ffa70de0000 - 0x00007ffa70de8000 	C:\WINDOWS\System32\PSAPI.DLL
0x00007ffa6de60000 - 0x00007ffa6de7b000 	C:\WINDOWS\SYSTEM32\CRYPTSP.dll
0x00007ffa6d570000 - 0x00007ffa6d5ab000 	C:\WINDOWS\system32\rsaenh.dll
0x00007ffa6dc40000 - 0x00007ffa6dc6b000 	C:\WINDOWS\SYSTEM32\USERENV.dll
0x00007ffa6e780000 - 0x00007ffa6e7a6000 	C:\WINDOWS\SYSTEM32\bcrypt.dll
0x00007ffa6de80000 - 0x00007ffa6de8c000 	C:\WINDOWS\SYSTEM32\CRYPTBASE.dll
0x00007ffa6d030000 - 0x00007ffa6d063000 	C:\WINDOWS\SYSTEM32\IPHLPAPI.DLL
0x00007ffa6f950000 - 0x00007ffa6f95a000 	C:\WINDOWS\System32\NSI.dll
0x00007ffa5f6c0000 - 0x00007ffa5f6df000 	C:\WINDOWS\SYSTEM32\dhcpcsvc6.DLL
0x00007ffa5f690000 - 0x00007ffa5f6b5000 	C:\WINDOWS\SYSTEM32\dhcpcsvc.DLL
0x00007ffa6d0d0000 - 0x00007ffa6d1f6000 	C:\WINDOWS\SYSTEM32\DNSAPI.dll
0x00007ffa12e70000 - 0x00007ffa12e79000 	C:\Program Files\Eclipse Adoptium\jdk-17.0.16.8-hotspot\bin\extnet.dll
0x00007ffa12ce0000 - 0x00007ffa12cee000 	C:\Program Files\Eclipse Adoptium\jdk-17.0.16.8-hotspot\bin\sunmscapi.dll
0x00007ffa6f370000 - 0x00007ffa6f4e7000 	C:\WINDOWS\System32\CRYPT32.dll
0x00007ffa6e080000 - 0x00007ffa6e0b0000 	C:\WINDOWS\SYSTEM32\ncrypt.dll
0x00007ffa6e030000 - 0x00007ffa6e06f000 	C:\WINDOWS\SYSTEM32\NTASN1.dll
0x00007ff9e8180000 - 0x00007ff9e8188000 	C:\WINDOWS\system32\wshunix.dll

dbghelp: loaded successfully - version: 4.0.5 - missing functions: none
symbol engine: initialized successfully - sym options: 0x614 - pdb path: .;C:\Program Files\Eclipse Adoptium\jdk-17.0.16.8-hotspot\bin;C:\WINDOWS\SYSTEM32;C:\WINDOWS\WinSxS\amd64_microsoft.windows.common-controls_6595b64144ccf1df_6.0.26100.4768_none_3e0c112ce331287c;C:\Program Files\Eclipse Adoptium\jdk-17.0.16.8-hotspot\bin\server;C:\Users\lssb2\.gradle\native\68d5fa5c4cc2d200863cafc0d521ce42e7d3e7ee720ec0a83991735586a16f82\windows-amd64;C:\Users\lssb2\.gradle\native\e376f236ea51e6404a007f0833ffe2c6e607c4080706a723a18a27aeea778392\windows-amd64

VM Arguments:
jvm_args: --add-opens=java.base/java.util=ALL-UNNAMED --add-opens=java.base/java.lang=ALL-UNNAMED --add-opens=java.base/java.lang.invoke=ALL-UNNAMED --add-opens=java.prefs/java.util.prefs=ALL-UNNAMED --add-opens=java.base/java.nio.charset=ALL-UNNAMED --add-opens=java.base/java.net=ALL-UNNAMED --add-opens=java.base/java.util.concurrent.atomic=ALL-UNNAMED -XX:MaxMetaspaceSize=256m -XX:+HeapDumpOnOutOfMemoryError -Xms256m -Xmx512m -Dfile.encoding=windows-1252 -Duser.country=SG -Duser.language=en -Duser.variant 
java_command: org.gradle.launcher.daemon.bootstrap.GradleDaemon 7.6.2
java_class_path (initial): C:\Users\lssb2\.gradle\wrapper\dists\gradle-7.6.2-bin\6ot4hgy1mty27tup86cmng5lx\gradle-7.6.2\lib\gradle-launcher-7.6.2.jar
Launcher Type: SUN_STANDARD

[Global flags]
     intx CICompilerCount                          = 4                                         {product} {ergonomic}
   size_t CompressedClassSpaceSize                 = 218103808                                 {product} {ergonomic}
     uint ConcGCThreads                            = 2                                         {product} {ergonomic}
     uint G1ConcRefinementThreads                  = 8                                         {product} {ergonomic}
   size_t G1HeapRegionSize                         = 1048576                                   {product} {ergonomic}
    uintx GCDrainStackTargetSize                   = 64                                        {product} {ergonomic}
     bool HeapDumpOnOutOfMemoryError               = true                                   {manageable} {command line}
   size_t InitialHeapSize                          = 268435456                                 {product} {command line}
   size_t MarkStackSize                            = 4194304                                   {product} {ergonomic}
   size_t MaxHeapSize                              = 536870912                                 {product} {command line}
   size_t MaxMetaspaceSize                         = 268435456                                 {product} {command line}
   size_t MaxNewSize                               = 321912832                                 {product} {ergonomic}
   size_t MinHeapDeltaBytes                        = 1048576                                   {product} {ergonomic}
   size_t MinHeapSize                              = 268435456                                 {product} {command line}
    uintx NonNMethodCodeHeapSize                   = 5839372                                {pd product} {ergonomic}
    uintx NonProfiledCodeHeapSize                  = 122909434                              {pd product} {ergonomic}
    uintx ProfiledCodeHeapSize                     = 122909434                              {pd product} {ergonomic}
    uintx ReservedCodeCacheSize                    = 251658240                              {pd product} {ergonomic}
     bool SegmentedCodeCache                       = true                                      {product} {ergonomic}
   size_t SoftMaxHeapSize                          = 536870912                              {manageable} {ergonomic}
     bool UseCompressedClassPointers               = true                           {product lp64_product} {ergonomic}
     bool UseCompressedOops                        = true                           {product lp64_product} {ergonomic}
     bool UseG1GC                                  = true                                      {product} {ergonomic}
     bool UseLargePagesIndividualAllocation        = false                                  {pd product} {ergonomic}

Logging:
Log output configuration:
 #0: stdout all=warning uptime,level,tags
 #1: stderr all=off uptime,level,tags

Environment Variables:
CLASSPATH=C:\Users\lssb2\cs2103\ip\\gradle\wrapper\gradle-wrapper.jar
PATH=C:\Users\lssb2\anaconda3;C:\Users\lssb2\anaconda3\Library\mingw-w64\bin;C:\Users\lssb2\anaconda3\Library\usr\bin;C:\Users\lssb2\anaconda3\Library\bin;C:\Users\lssb2\anaconda3\Scripts;C:\Users\lssb2\anaconda3\bin;C:\Users\lssb2\anaconda3\condabin;C:\Program Files\Eclipse Adoptium\jdk-17.0.16.8-hotspot\bin;C:\Program Files\Common Files\Oracle\Java\javapath;C:\Users\lssb2\AppData\Local\Programs\Scripts;C:\Users\lssb2\AppData\Local\Programs;C:\WINDOWS\system32;C:\WINDOWS;C:\WINDOWS\System32\Wbem;C:\WINDOWS\System32\WindowsPowerShell\v1.0;C:\WINDOWS\System32\OpenSSH;C:\Program Files\nodejs;C:\Program Files\Git\cmd;C:\Program Files\PostgreSQL\16\bin;C:\Ruby33-x64\bin;C:\Users\lssb2\AppData\Local\Microsoft\WindowsApps;C:\Users\lssb2\Downloads\Microsoft VS Code\bin;C:\Program Files\JetBrains\PyCharm Community Edition 2024.1\bin;C:\Users\lssb2\AppData\Local\GitHubDesktop\bin;C:\Users\lssb2\AppData\Roaming\npm;C:\Users\lssb2\AppData\Local\Android\Sdk\platform-tools;C:\Program Files\heroku\bin;C:\Program Files\JetBrains\IntelliJ IDEA 2024.3.1.1\bin;C:\Program Files\JetBrains\IntelliJ IDEA Community Edition 2024.3.1.1\bin;C:\Users\lssb2\AppData\Local\Microsoft\WinGet\Links;C:\ProgramData\chocolatey\bin;c:\Users\lssb2\AppData\Local\Programs\cursor\resources\app\bin;C:\Program Files\Amazon\AWSCLIV2;C:\WINDOWS\system32;C:\WINDOWS;C:\WINDOWS\System32\Wbem;C:\WINDOWS\System32\WindowsPowerShell\v1.0;C:\WINDOWS\System32\OpenSSH;C:\Ruby33-x64\bin;C:\Users\lssb2\AppData\Local\Microsoft\WindowsApps;C:\Users\lssb2\Downloads\Microsoft VS Code\bin;C:\Program Files\JetBrains\PyCharm Community Edition 2024.1\bin;.;C:\Users\lssb2\AppData\Local\Programs\Scripts;C:\Users\lssb2\AppData\Roaming\npm;C:\Users\lssb2\AppData\Local\Android\Sdk\platform-tools;C:\Program Files\heroku\bin;C:\Program Files\JetBrains\IntelliJ IDEA 2024.3.1.1\bin;.;C:\Program Files\JetBrains\IntelliJ IDEA Community Edition 2024.3.1.1\bin;.;C:\Users\lssb2\AppData\Local\Microsoft\WinGet\Links;.
USERNAME=lssb2
OS=Windows_NT
PROCESSOR_IDENTIFIER=Intel64 Family 6 Model 126 Stepping 5, GenuineIntel
TMP=C:\Users\lssb2\AppData\Local\Temp
TEMP=C:\Users\lssb2\AppData\Local\Temp



Periodic native trim disabled


---------------  S Y S T E M  ---------------

OS:
 Windows 11 , 64 bit Build 26100 (10.0.26100.4768)
OS uptime: 0 days 20:56 hours
Hyper-V role detected

CPU: total 8 (initial active 8) (4 cores per cpu, 2 threads per core) family 6 model 126 stepping 5 microcode 0xa6, cx8, cmov, fxsr, ht, mmx, 3dnowpref, sse, sse2, sse3, ssse3, sse4.1, sse4.2, popcnt, lzcnt, tsc, tscinvbit, avx, avx2, aes, erms, clmul, bmi1, bmi2, adx, avx512f, avx512dq, avx512cd, avx512bw, avx512vl, sha, fma, vzeroupper, avx512_vpopcntdq, avx512_vpclmulqdq, avx512_vaes, avx512_vnni, clflush, clflushopt, avx512_vbmi2, avx512_vbmi, hv
Processor Information for processor 0
  Max Mhz: 1498, Current Mhz: 1298, Mhz Limit: 1288
Processor Information for processor 1
  Max Mhz: 1498, Current Mhz: 998, Mhz Limit: 1288
Processor Information for processor 2
  Max Mhz: 1498, Current Mhz: 1298, Mhz Limit: 1288
Processor Information for processor 3
  Max Mhz: 1498, Current Mhz: 998, Mhz Limit: 1288
Processor Information for processor 4
  Max Mhz: 1498, Current Mhz: 998, Mhz Limit: 1288
Processor Information for processor 5
  Max Mhz: 1498, Current Mhz: 1298, Mhz Limit: 1288
Processor Information for processor 6
  Max Mhz: 1498, Current Mhz: 1298, Mhz Limit: 1288
Processor Information for processor 7
  Max Mhz: 1498, Current Mhz: 1298, Mhz Limit: 1288

Memory: 4k page, system-wide physical 7961M (668M free)
TotalPageFile size 16221M (AvailPageFile size 1795M)
current process WorkingSet (physical memory assigned to process): 194M, peak: 194M
current process commit charge ("private bytes"): 409M, peak: 412M

vm_info: OpenJDK 64-Bit Server VM (17.0.16+8) for windows-amd64 JRE (17.0.16+8), built on Jul 16 2025 10:37:56 by "admin" with MS VC++ 17.7 (VS2022)

END.
